{"/home/siduction/Projects/safetack_claude/safetack/app/auth.js": {"path":"/home/siduction/Projects/safetack_claude/safetack/app/auth.js","statementMap":{"0":{"start":{"line":4,"column":2},"end":{"line":4,"column":37}}},"fnMap":{"0":{"name":"Auth","decl":{"start":{"line":3,"column":24},"end":{"line":3,"column":28}},"loc":{"start":{"line":3,"column":31},"end":{"line":5,"column":1}},"line":3}},"branchMap":{},"s":{"0":0},"f":{"0":0},"b":{}}
,"/home/siduction/Projects/safetack_claude/safetack/app/contacts.js": {"path":"/home/siduction/Projects/safetack_claude/safetack/app/contacts.js","statementMap":{"0":{"start":{"line":18,"column":34},"end":{"line":18,"column":46}},"1":{"start":{"line":19,"column":32},"end":{"line":19,"column":46}},"2":{"start":{"line":20,"column":28},"end":{"line":20,"column":42}},"3":{"start":{"line":21,"column":42},"end":{"line":21,"column":57}},"4":{"start":{"line":22,"column":46},"end":{"line":22,"column":60}},"5":{"start":{"line":25,"column":26},"end":{"line":25,"column":38}},"6":{"start":{"line":26,"column":40},"end":{"line":26,"column":52}},"7":{"start":{"line":27,"column":28},"end":{"line":27,"column":40}},"8":{"start":{"line":28,"column":42},"end":{"line":28,"column":54}},"9":{"start":{"line":29,"column":34},"end":{"line":29,"column":48}},"10":{"start":{"line":30,"column":34},"end":{"line":30,"column":47}},"11":{"start":{"line":33,"column":2},"end":{"line":35,"column":9}},"12":{"start":{"line":34,"column":4},"end":{"line":34,"column":19}},"13":{"start":{"line":38,"column":23},"end":{"line":52,"column":3}},"14":{"start":{"line":39,"column":4},"end":{"line":51,"column":5}},"15":{"start":{"line":40,"column":6},"end":{"line":40,"column":23}},"16":{"start":{"line":41,"column":6},"end":{"line":41,"column":21}},"17":{"start":{"line":43,"column":26},"end":{"line":43,"column":59}},"18":{"start":{"line":44,"column":6},"end":{"line":44,"column":31}},"19":{"start":{"line":46,"column":6},"end":{"line":46,"column":24}},"20":{"start":{"line":48,"column":6},"end":{"line":48,"column":52}},"21":{"start":{"line":49,"column":6},"end":{"line":49,"column":57}},"22":{"start":{"line":50,"column":6},"end":{"line":50,"column":24}},"23":{"start":{"line":55,"column":27},"end":{"line":64,"column":3}},"24":{"start":{"line":56,"column":4},"end":{"line":56,"column":28}},"25":{"start":{"line":57,"column":4},"end":{"line":57,"column":16}},"26":{"start":{"line":58,"column":4},"end":{"line":58,"column":23}},"27":{"start":{"line":59,"column":4},"end":{"line":59,"column":17}},"28":{"start":{"line":60,"column":4},"end":{"line":60,"column":24}},"29":{"start":{"line":61,"column":4},"end":{"line":61,"column":22}},"30":{"start":{"line":62,"column":4},"end":{"line":62,"column":21}},"31":{"start":{"line":63,"column":4},"end":{"line":63,"column":26}},"32":{"start":{"line":67,"column":28},"end":{"line":76,"column":3}},"33":{"start":{"line":68,"column":4},"end":{"line":68,"column":31}},"34":{"start":{"line":69,"column":4},"end":{"line":69,"column":26}},"35":{"start":{"line":70,"column":4},"end":{"line":70,"column":47}},"36":{"start":{"line":71,"column":4},"end":{"line":71,"column":34}},"37":{"start":{"line":72,"column":4},"end":{"line":72,"column":48}},"38":{"start":{"line":73,"column":4},"end":{"line":73,"column":41}},"39":{"start":{"line":74,"column":4},"end":{"line":74,"column":45}},"40":{"start":{"line":75,"column":4},"end":{"line":75,"column":26}},"41":{"start":{"line":79,"column":28},"end":{"line":121,"column":3}},"42":{"start":{"line":80,"column":4},"end":{"line":120,"column":5}},"43":{"start":{"line":82,"column":6},"end":{"line":85,"column":7}},"44":{"start":{"line":83,"column":8},"end":{"line":83,"column":52}},"45":{"start":{"line":84,"column":8},"end":{"line":84,"column":15}},"46":{"start":{"line":87,"column":6},"end":{"line":90,"column":7}},"47":{"start":{"line":88,"column":8},"end":{"line":88,"column":78}},"48":{"start":{"line":89,"column":8},"end":{"line":89,"column":15}},"49":{"start":{"line":92,"column":26},"end":{"line":99,"column":7}},"50":{"start":{"line":101,"column":6},"end":{"line":101,"column":23}},"51":{"start":{"line":103,"column":6},"end":{"line":109,"column":7}},"52":{"start":{"line":105,"column":8},"end":{"line":105,"column":74}},"53":{"start":{"line":108,"column":8},"end":{"line":108,"column":55}},"54":{"start":{"line":112,"column":6},"end":{"line":112,"column":27}},"55":{"start":{"line":114,"column":6},"end":{"line":114,"column":29}},"56":{"start":{"line":115,"column":6},"end":{"line":115,"column":24}},"57":{"start":{"line":117,"column":6},"end":{"line":117,"column":50}},"58":{"start":{"line":118,"column":6},"end":{"line":118,"column":53}},"59":{"start":{"line":119,"column":6},"end":{"line":119,"column":24}},"60":{"start":{"line":124,"column":30},"end":{"line":151,"column":3}},"61":{"start":{"line":125,"column":4},"end":{"line":150,"column":6}},"62":{"start":{"line":137,"column":12},"end":{"line":146,"column":13}},"63":{"start":{"line":138,"column":14},"end":{"line":138,"column":31}},"64":{"start":{"line":139,"column":14},"end":{"line":139,"column":59}},"65":{"start":{"line":140,"column":14},"end":{"line":140,"column":35}},"66":{"start":{"line":141,"column":14},"end":{"line":141,"column":32}},"67":{"start":{"line":143,"column":14},"end":{"line":143,"column":60}},"68":{"start":{"line":144,"column":14},"end":{"line":144,"column":63}},"69":{"start":{"line":145,"column":14},"end":{"line":145,"column":32}},"70":{"start":{"line":154,"column":28},"end":{"line":217,"column":3}},"71":{"start":{"line":155,"column":4},"end":{"line":216,"column":6}},"72":{"start":{"line":203,"column":27},"end":{"line":203,"column":50}},"73":{"start":{"line":210,"column":27},"end":{"line":210,"column":55}},"74":{"start":{"line":220,"column":27},"end":{"line":230,"column":3}},"75":{"start":{"line":221,"column":4},"end":{"line":229,"column":6}},"76":{"start":{"line":232,"column":2},"end":{"line":370,"column":4}},"77":{"start":{"line":264,"column":32},"end":{"line":264,"column":50}},"78":{"start":{"line":274,"column":30},"end":{"line":274,"column":52}},"79":{"start":{"line":283,"column":31},"end":{"line":283,"column":53}},"80":{"start":{"line":373,"column":15},"end":{"line":564,"column":2}}},"fnMap":{"0":{"name":"ContactsScreen","decl":{"start":{"line":17,"column":24},"end":{"line":17,"column":38}},"loc":{"start":{"line":17,"column":41},"end":{"line":371,"column":1}},"line":17},"1":{"name":"(anonymous_1)","decl":{"start":{"line":33,"column":12},"end":{"line":33,"column":13}},"loc":{"start":{"line":33,"column":18},"end":{"line":35,"column":3}},"line":33},"2":{"name":"(anonymous_2)","decl":{"start":{"line":38,"column":23},"end":{"line":38,"column":24}},"loc":{"start":{"line":38,"column":35},"end":{"line":52,"column":3}},"line":38},"3":{"name":"(anonymous_3)","decl":{"start":{"line":55,"column":27},"end":{"line":55,"column":28}},"loc":{"start":{"line":55,"column":33},"end":{"line":64,"column":3}},"line":55},"4":{"name":"(anonymous_4)","decl":{"start":{"line":67,"column":28},"end":{"line":67,"column":29}},"loc":{"start":{"line":67,"column":41},"end":{"line":76,"column":3}},"line":67},"5":{"name":"(anonymous_5)","decl":{"start":{"line":79,"column":28},"end":{"line":79,"column":29}},"loc":{"start":{"line":79,"column":40},"end":{"line":121,"column":3}},"line":79},"6":{"name":"(anonymous_6)","decl":{"start":{"line":124,"column":30},"end":{"line":124,"column":31}},"loc":{"start":{"line":124,"column":51},"end":{"line":151,"column":3}},"line":124},"7":{"name":"(anonymous_7)","decl":{"start":{"line":136,"column":19},"end":{"line":136,"column":20}},"loc":{"start":{"line":136,"column":31},"end":{"line":147,"column":11}},"line":136},"8":{"name":"(anonymous_8)","decl":{"start":{"line":154,"column":28},"end":{"line":154,"column":29}},"loc":{"start":{"line":154,"column":42},"end":{"line":217,"column":3}},"line":154},"9":{"name":"(anonymous_9)","decl":{"start":{"line":203,"column":21},"end":{"line":203,"column":22}},"loc":{"start":{"line":203,"column":27},"end":{"line":203,"column":50}},"line":203},"10":{"name":"(anonymous_10)","decl":{"start":{"line":210,"column":21},"end":{"line":210,"column":22}},"loc":{"start":{"line":210,"column":27},"end":{"line":210,"column":55}},"line":210},"11":{"name":"(anonymous_11)","decl":{"start":{"line":220,"column":27},"end":{"line":220,"column":28}},"loc":{"start":{"line":220,"column":33},"end":{"line":230,"column":3}},"line":220},"12":{"name":"(anonymous_12)","decl":{"start":{"line":264,"column":24},"end":{"line":264,"column":25}},"loc":{"start":{"line":264,"column":32},"end":{"line":264,"column":50}},"line":264},"13":{"name":"(anonymous_13)","decl":{"start":{"line":274,"column":24},"end":{"line":274,"column":25}},"loc":{"start":{"line":274,"column":30},"end":{"line":274,"column":52}},"line":274},"14":{"name":"(anonymous_14)","decl":{"start":{"line":283,"column":25},"end":{"line":283,"column":26}},"loc":{"start":{"line":283,"column":31},"end":{"line":283,"column":53}},"line":283}},"branchMap":{"0":{"loc":{"start":{"line":70,"column":19},"end":{"line":70,"column":45}},"type":"binary-expr","locations":[{"start":{"line":70,"column":19},"end":{"line":70,"column":39}},{"start":{"line":70,"column":43},"end":{"line":70,"column":45}}],"line":70},"1":{"loc":{"start":{"line":71,"column":13},"end":{"line":71,"column":32}},"type":"binary-expr","locations":[{"start":{"line":71,"column":13},"end":{"line":71,"column":26}},{"start":{"line":71,"column":30},"end":{"line":71,"column":32}}],"line":71},"2":{"loc":{"start":{"line":72,"column":20},"end":{"line":72,"column":46}},"type":"binary-expr","locations":[{"start":{"line":72,"column":20},"end":{"line":72,"column":40}},{"start":{"line":72,"column":44},"end":{"line":72,"column":46}}],"line":72},"3":{"loc":{"start":{"line":82,"column":6},"end":{"line":85,"column":7}},"type":"if","locations":[{"start":{"line":82,"column":6},"end":{"line":85,"column":7}},{"start":{},"end":{}}],"line":82},"4":{"loc":{"start":{"line":87,"column":6},"end":{"line":90,"column":7}},"type":"if","locations":[{"start":{"line":87,"column":6},"end":{"line":90,"column":7}},{"start":{},"end":{}}],"line":87},"5":{"loc":{"start":{"line":87,"column":10},"end":{"line":87,"column":46}},"type":"binary-expr","locations":[{"start":{"line":87,"column":10},"end":{"line":87,"column":29}},{"start":{"line":87,"column":33},"end":{"line":87,"column":46}}],"line":87},"6":{"loc":{"start":{"line":94,"column":22},"end":{"line":94,"column":48}},"type":"binary-expr","locations":[{"start":{"line":94,"column":22},"end":{"line":94,"column":40}},{"start":{"line":94,"column":44},"end":{"line":94,"column":48}}],"line":94},"7":{"loc":{"start":{"line":95,"column":15},"end":{"line":95,"column":35}},"type":"binary-expr","locations":[{"start":{"line":95,"column":15},"end":{"line":95,"column":27}},{"start":{"line":95,"column":31},"end":{"line":95,"column":35}}],"line":95},"8":{"loc":{"start":{"line":96,"column":22},"end":{"line":96,"column":49}},"type":"binary-expr","locations":[{"start":{"line":96,"column":22},"end":{"line":96,"column":41}},{"start":{"line":96,"column":45},"end":{"line":96,"column":49}}],"line":96},"9":{"loc":{"start":{"line":97,"column":18},"end":{"line":97,"column":41}},"type":"binary-expr","locations":[{"start":{"line":97,"column":18},"end":{"line":97,"column":36}},{"start":{"line":97,"column":40},"end":{"line":97,"column":41}}],"line":97},"10":{"loc":{"start":{"line":103,"column":6},"end":{"line":109,"column":7}},"type":"if","locations":[{"start":{"line":103,"column":6},"end":{"line":109,"column":7}},{"start":{"line":106,"column":13},"end":{"line":109,"column":7}}],"line":103},"11":{"loc":{"start":{"line":161,"column":31},"end":{"line":161,"column":69}},"type":"cond-expr","locations":[{"start":{"line":161,"column":48},"end":{"line":161,"column":57}},{"start":{"line":161,"column":60},"end":{"line":161,"column":69}}],"line":161},"12":{"loc":{"start":{"line":165,"column":23},"end":{"line":165,"column":61}},"type":"cond-expr","locations":[{"start":{"line":165,"column":40},"end":{"line":165,"column":49}},{"start":{"line":165,"column":52},"end":{"line":165,"column":61}}],"line":165},"13":{"loc":{"start":{"line":167,"column":15},"end":{"line":167,"column":53}},"type":"cond-expr","locations":[{"start":{"line":167,"column":32},"end":{"line":167,"column":40}},{"start":{"line":167,"column":43},"end":{"line":167,"column":53}}],"line":167},"14":{"loc":{"start":{"line":173,"column":11},"end":{"line":178,"column":11}},"type":"binary-expr","locations":[{"start":{"line":173,"column":11},"end":{"line":173,"column":28}},{"start":{"line":174,"column":12},"end":{"line":177,"column":19}}],"line":173},"15":{"loc":{"start":{"line":180,"column":11},"end":{"line":185,"column":11}},"type":"binary-expr","locations":[{"start":{"line":180,"column":11},"end":{"line":180,"column":21}},{"start":{"line":181,"column":12},"end":{"line":184,"column":19}}],"line":180},"16":{"loc":{"start":{"line":187,"column":11},"end":{"line":192,"column":11}},"type":"binary-expr","locations":[{"start":{"line":187,"column":11},"end":{"line":187,"column":28}},{"start":{"line":188,"column":12},"end":{"line":191,"column":19}}],"line":187},"17":{"loc":{"start":{"line":244,"column":7},"end":{"line":268,"column":7}},"type":"cond-expr","locations":[{"start":{"line":245,"column":8},"end":{"line":248,"column":15}},{"start":{"line":249,"column":10},"end":{"line":268,"column":7}}],"line":244},"18":{"loc":{"start":{"line":244,"column":7},"end":{"line":244,"column":31}},"type":"binary-expr","locations":[{"start":{"line":244,"column":7},"end":{"line":244,"column":14}},{"start":{"line":244,"column":18},"end":{"line":244,"column":31}}],"line":244},"19":{"loc":{"start":{"line":249,"column":10},"end":{"line":268,"column":7}},"type":"cond-expr","locations":[{"start":{"line":250,"column":8},"end":{"line":259,"column":15}},{"start":{"line":261,"column":8},"end":{"line":267,"column":10}}],"line":249},"20":{"loc":{"start":{"line":265,"column":33},"end":{"line":265,"column":86}},"type":"cond-expr","locations":[{"start":{"line":265,"column":57},"end":{"line":265,"column":68}},{"start":{"line":265,"column":71},"end":{"line":265,"column":86}}],"line":265},"21":{"loc":{"start":{"line":280,"column":17},"end":{"line":280,"column":64}},"type":"cond-expr","locations":[{"start":{"line":280,"column":34},"end":{"line":280,"column":48}},{"start":{"line":280,"column":51},"end":{"line":280,"column":64}}],"line":280},"22":{"loc":{"start":{"line":350,"column":30},"end":{"line":350,"column":62}},"type":"cond-expr","locations":[{"start":{"line":350,"column":41},"end":{"line":350,"column":50}},{"start":{"line":350,"column":53},"end":{"line":350,"column":62}}],"line":350},"23":{"loc":{"start":{"line":359,"column":17},"end":{"line":363,"column":17}},"type":"cond-expr","locations":[{"start":{"line":360,"column":18},"end":{"line":360,"column":65}},{"start":{"line":362,"column":18},"end":{"line":362,"column":73}}],"line":359}},"s":{"0":0,"1":0,"2":0,"3":0,"4":0,"5":0,"6":0,"7":0,"8":0,"9":0,"10":0,"11":0,"12":0,"13":0,"14":0,"15":0,"16":0,"17":0,"18":0,"19":0,"20":0,"21":0,"22":0,"23":0,"24":0,"25":0,"26":0,"27":0,"28":0,"29":0,"30":0,"31":0,"32":0,"33":0,"34":0,"35":0,"36":0,"37":0,"38":0,"39":0,"40":0,"41":0,"42":0,"43":0,"44":0,"45":0,"46":0,"47":0,"48":0,"49":0,"50":0,"51":0,"52":0,"53":0,"54":0,"55":0,"56":0,"57":0,"58":0,"59":0,"60":0,"61":0,"62":0,"63":0,"64":0,"65":0,"66":0,"67":0,"68":0,"69":0,"70":0,"71":0,"72":0,"73":0,"74":0,"75":0,"76":0,"77":0,"78":0,"79":0,"80":0},"f":{"0":0,"1":0,"2":0,"3":0,"4":0,"5":0,"6":0,"7":0,"8":0,"9":0,"10":0,"11":0,"12":0,"13":0,"14":0},"b":{"0":[0,0],"1":[0,0],"2":[0,0],"3":[0,0],"4":[0,0],"5":[0,0],"6":[0,0],"7":[0,0],"8":[0,0],"9":[0,0],"10":[0,0],"11":[0,0],"12":[0,0],"13":[0,0],"14":[0,0],"15":[0,0],"16":[0,0],"17":[0,0],"18":[0,0],"19":[0,0],"20":[0,0],"21":[0,0],"22":[0,0],"23":[0,0]}}
,"/home/siduction/Projects/safetack_claude/safetack/app/routes.js": {"path":"/home/siduction/Projects/safetack_claude/safetack/app/routes.js","statementMap":{"0":{"start":{"line":8,"column":30},"end":{"line":8,"column":42}},"1":{"start":{"line":9,"column":32},"end":{"line":9,"column":46}},"2":{"start":{"line":10,"column":28},"end":{"line":10,"column":42}},"3":{"start":{"line":11,"column":17},"end":{"line":11,"column":28}},"4":{"start":{"line":14,"column":2},"end":{"line":16,"column":9}},"5":{"start":{"line":15,"column":4},"end":{"line":15,"column":17}},"6":{"start":{"line":19,"column":21},"end":{"line":30,"column":3}},"7":{"start":{"line":20,"column":4},"end":{"line":29,"column":5}},"8":{"start":{"line":21,"column":6},"end":{"line":21,"column":23}},"9":{"start":{"line":22,"column":24},"end":{"line":22,"column":53}},"10":{"start":{"line":23,"column":6},"end":{"line":23,"column":27}},"11":{"start":{"line":24,"column":6},"end":{"line":24,"column":24}},"12":{"start":{"line":26,"column":6},"end":{"line":26,"column":50}},"13":{"start":{"line":27,"column":6},"end":{"line":27,"column":45}},"14":{"start":{"line":28,"column":6},"end":{"line":28,"column":24}},"15":{"start":{"line":33,"column":27},"end":{"line":35,"column":3}},"16":{"start":{"line":34,"column":4},"end":{"line":34,"column":37}},"17":{"start":{"line":38,"column":26},"end":{"line":100,"column":3}},"18":{"start":{"line":40,"column":26},"end":{"line":42,"column":27}},"19":{"start":{"line":44,"column":24},"end":{"line":46,"column":25}},"20":{"start":{"line":49,"column":23},"end":{"line":49,"column":62}},"21":{"start":{"line":50,"column":26},"end":{"line":50,"column":72}},"22":{"start":{"line":52,"column":4},"end":{"line":99,"column":6}},"23":{"start":{"line":55,"column":23},"end":{"line":55,"column":48}},"24":{"start":{"line":103,"column":25},"end":{"line":115,"column":3}},"25":{"start":{"line":104,"column":4},"end":{"line":104,"column":36}},"26":{"start":{"line":104,"column":19},"end":{"line":104,"column":36}},"27":{"start":{"line":106,"column":25},"end":{"line":106,"column":53}},"28":{"start":{"line":107,"column":18},"end":{"line":107,"column":47}},"29":{"start":{"line":108,"column":20},"end":{"line":108,"column":37}},"30":{"start":{"line":110,"column":4},"end":{"line":114,"column":5}},"31":{"start":{"line":111,"column":6},"end":{"line":111,"column":37}},"32":{"start":{"line":113,"column":6},"end":{"line":113,"column":30}},"33":{"start":{"line":118,"column":27},"end":{"line":129,"column":3}},"34":{"start":{"line":119,"column":4},"end":{"line":128,"column":6}},"35":{"start":{"line":131,"column":2},"end":{"line":166,"column":4}},"36":{"start":{"line":160,"column":32},"end":{"line":160,"column":50}},"37":{"start":{"line":169,"column":15},"end":{"line":294,"column":2}}},"fnMap":{"0":{"name":"RoutesScreen","decl":{"start":{"line":7,"column":24},"end":{"line":7,"column":36}},"loc":{"start":{"line":7,"column":39},"end":{"line":167,"column":1}},"line":7},"1":{"name":"(anonymous_1)","decl":{"start":{"line":14,"column":12},"end":{"line":14,"column":13}},"loc":{"start":{"line":14,"column":18},"end":{"line":16,"column":3}},"line":14},"2":{"name":"(anonymous_2)","decl":{"start":{"line":19,"column":21},"end":{"line":19,"column":22}},"loc":{"start":{"line":19,"column":33},"end":{"line":30,"column":3}},"line":19},"3":{"name":"(anonymous_3)","decl":{"start":{"line":33,"column":27},"end":{"line":33,"column":28}},"loc":{"start":{"line":33,"column":40},"end":{"line":35,"column":3}},"line":33},"4":{"name":"(anonymous_4)","decl":{"start":{"line":38,"column":26},"end":{"line":38,"column":27}},"loc":{"start":{"line":38,"column":40},"end":{"line":100,"column":3}},"line":38},"5":{"name":"(anonymous_5)","decl":{"start":{"line":55,"column":17},"end":{"line":55,"column":18}},"loc":{"start":{"line":55,"column":23},"end":{"line":55,"column":48}},"line":55},"6":{"name":"(anonymous_6)","decl":{"start":{"line":103,"column":25},"end":{"line":103,"column":26}},"loc":{"start":{"line":103,"column":39},"end":{"line":115,"column":3}},"line":103},"7":{"name":"(anonymous_7)","decl":{"start":{"line":118,"column":27},"end":{"line":118,"column":28}},"loc":{"start":{"line":118,"column":33},"end":{"line":129,"column":3}},"line":118},"8":{"name":"(anonymous_8)","decl":{"start":{"line":160,"column":24},"end":{"line":160,"column":25}},"loc":{"start":{"line":160,"column":32},"end":{"line":160,"column":50}},"line":160}},"branchMap":{"0":{"loc":{"start":{"line":40,"column":26},"end":{"line":42,"column":27}},"type":"cond-expr","locations":[{"start":{"line":41,"column":8},"end":{"line":41,"column":39}},{"start":{"line":42,"column":8},"end":{"line":42,"column":27}}],"line":40},"1":{"loc":{"start":{"line":44,"column":24},"end":{"line":46,"column":25}},"type":"cond-expr","locations":[{"start":{"line":45,"column":8},"end":{"line":45,"column":37}},{"start":{"line":46,"column":8},"end":{"line":46,"column":25}}],"line":44},"2":{"loc":{"start":{"line":58,"column":42},"end":{"line":58,"column":70}},"type":"binary-expr","locations":[{"start":{"line":58,"column":42},"end":{"line":58,"column":51}},{"start":{"line":58,"column":55},"end":{"line":58,"column":70}}],"line":58},"3":{"loc":{"start":{"line":65,"column":11},"end":{"line":70,"column":11}},"type":"binary-expr","locations":[{"start":{"line":65,"column":11},"end":{"line":65,"column":24}},{"start":{"line":66,"column":12},"end":{"line":69,"column":19}}],"line":65},"4":{"loc":{"start":{"line":104,"column":4},"end":{"line":104,"column":36}},"type":"if","locations":[{"start":{"line":104,"column":4},"end":{"line":104,"column":36}},{"start":{},"end":{}}],"line":104},"5":{"loc":{"start":{"line":110,"column":4},"end":{"line":114,"column":5}},"type":"if","locations":[{"start":{"line":110,"column":4},"end":{"line":114,"column":5}},{"start":{"line":112,"column":11},"end":{"line":114,"column":5}}],"line":110},"6":{"loc":{"start":{"line":140,"column":7},"end":{"line":164,"column":7}},"type":"cond-expr","locations":[{"start":{"line":141,"column":8},"end":{"line":144,"column":15}},{"start":{"line":145,"column":10},"end":{"line":164,"column":7}}],"line":140},"7":{"loc":{"start":{"line":145,"column":10},"end":{"line":164,"column":7}},"type":"cond-expr","locations":[{"start":{"line":146,"column":8},"end":{"line":155,"column":15}},{"start":{"line":157,"column":8},"end":{"line":163,"column":10}}],"line":145},"8":{"loc":{"start":{"line":161,"column":33},"end":{"line":161,"column":73}},"type":"cond-expr","locations":[{"start":{"line":161,"column":55},"end":{"line":161,"column":66}},{"start":{"line":161,"column":69},"end":{"line":161,"column":73}}],"line":161}},"s":{"0":0,"1":0,"2":0,"3":0,"4":0,"5":0,"6":0,"7":0,"8":0,"9":0,"10":0,"11":0,"12":0,"13":0,"14":0,"15":0,"16":0,"17":0,"18":0,"19":0,"20":0,"21":0,"22":0,"23":0,"24":0,"25":0,"26":0,"27":0,"28":0,"29":0,"30":0,"31":0,"32":0,"33":0,"34":0,"35":0,"36":0,"37":0},"f":{"0":0,"1":0,"2":0,"3":0,"4":0,"5":0,"6":0,"7":0,"8":0},"b":{"0":[0,0],"1":[0,0],"2":[0,0],"3":[0,0],"4":[0,0],"5":[0,0],"6":[0,0],"7":[0,0],"8":[0,0]}}
,"/home/siduction/Projects/safetack_claude/safetack/app/settings.js": {"path":"/home/siduction/Projects/safetack_claude/safetack/app/settings.js","statementMap":{"0":{"start":{"line":22,"column":77},"end":{"line":22,"column":88}},"1":{"start":{"line":23,"column":47},"end":{"line":23,"column":56}},"2":{"start":{"line":24,"column":40},"end":{"line":24,"column":55}},"3":{"start":{"line":27,"column":34},"end":{"line":37,"column":4}},"4":{"start":{"line":40,"column":24},"end":{"line":49,"column":3}},"5":{"start":{"line":41,"column":4},"end":{"line":44,"column":7}},"6":{"start":{"line":48,"column":4},"end":{"line":48,"column":63}},"7":{"start":{"line":52,"column":32},"end":{"line":60,"column":3}},"8":{"start":{"line":53,"column":4},"end":{"line":56,"column":7}},"9":{"start":{"line":59,"column":4},"end":{"line":59,"column":58}},"10":{"start":{"line":63,"column":25},"end":{"line":89,"column":3}},"11":{"start":{"line":64,"column":4},"end":{"line":88,"column":5}},"12":{"start":{"line":65,"column":6},"end":{"line":65,"column":27}},"13":{"start":{"line":68,"column":29},"end":{"line":68,"column":58}},"14":{"start":{"line":69,"column":27},"end":{"line":69,"column":45}},"15":{"start":{"line":71,"column":6},"end":{"line":71,"column":28}},"16":{"start":{"line":73,"column":6},"end":{"line":83,"column":7}},"17":{"start":{"line":74,"column":8},"end":{"line":77,"column":10}},"18":{"start":{"line":79,"column":8},"end":{"line":82,"column":10}},"19":{"start":{"line":85,"column":6},"end":{"line":85,"column":50}},"20":{"start":{"line":86,"column":6},"end":{"line":86,"column":28}},"21":{"start":{"line":87,"column":6},"end":{"line":87,"column":50}},"22":{"start":{"line":92,"column":24},"end":{"line":103,"column":3}},"23":{"start":{"line":93,"column":4},"end":{"line":102,"column":5}},"24":{"start":{"line":94,"column":33},"end":{"line":94,"column":48}},"25":{"start":{"line":96,"column":6},"end":{"line":98,"column":7}},"26":{"start":{"line":97,"column":8},"end":{"line":97,"column":55}},"27":{"start":{"line":100,"column":6},"end":{"line":100,"column":49}},"28":{"start":{"line":101,"column":6},"end":{"line":101,"column":49}},"29":{"start":{"line":106,"column":26},"end":{"line":137,"column":3}},"30":{"start":{"line":107,"column":4},"end":{"line":136,"column":6}},"31":{"start":{"line":119,"column":12},"end":{"line":132,"column":13}},"32":{"start":{"line":122,"column":14},"end":{"line":122,"column":66}},"33":{"start":{"line":123,"column":14},"end":{"line":123,"column":71}},"34":{"start":{"line":124,"column":14},"end":{"line":124,"column":64}},"35":{"start":{"line":125,"column":14},"end":{"line":125,"column":69}},"36":{"start":{"line":126,"column":14},"end":{"line":126,"column":73}},"37":{"start":{"line":128,"column":14},"end":{"line":128,"column":66}},"38":{"start":{"line":130,"column":14},"end":{"line":130,"column":59}},"39":{"start":{"line":131,"column":14},"end":{"line":131,"column":59}},"40":{"start":{"line":139,"column":2},"end":{"line":537,"column":4}},"41":{"start":{"line":213,"column":31},"end":{"line":213,"column":81}},"42":{"start":{"line":225,"column":31},"end":{"line":225,"column":82}},"43":{"start":{"line":237,"column":31},"end":{"line":237,"column":82}},"44":{"start":{"line":260,"column":31},"end":{"line":260,"column":75}},"45":{"start":{"line":272,"column":31},"end":{"line":272,"column":75}},"46":{"start":{"line":284,"column":31},"end":{"line":284,"column":76}},"47":{"start":{"line":312,"column":31},"end":{"line":312,"column":60}},"48":{"start":{"line":324,"column":31},"end":{"line":324,"column":64}},"49":{"start":{"line":336,"column":31},"end":{"line":336,"column":59}},"50":{"start":{"line":355,"column":35},"end":{"line":355,"column":71}},"51":{"start":{"line":371,"column":35},"end":{"line":371,"column":68}},"52":{"start":{"line":392,"column":35},"end":{"line":392,"column":67}},"53":{"start":{"line":412,"column":31},"end":{"line":412,"column":79}},"54":{"start":{"line":424,"column":31},"end":{"line":424,"column":80}},"55":{"start":{"line":436,"column":31},"end":{"line":436,"column":80}},"56":{"start":{"line":513,"column":27},"end":{"line":513,"column":82}},"57":{"start":{"line":521,"column":27},"end":{"line":521,"column":80}},"58":{"start":{"line":529,"column":27},"end":{"line":529,"column":81}},"59":{"start":{"line":540,"column":15},"end":{"line":671,"column":2}}},"fnMap":{"0":{"name":"SettingsScreen","decl":{"start":{"line":21,"column":24},"end":{"line":21,"column":38}},"loc":{"start":{"line":21,"column":41},"end":{"line":538,"column":1}},"line":21},"1":{"name":"(anonymous_1)","decl":{"start":{"line":40,"column":24},"end":{"line":40,"column":25}},"loc":{"start":{"line":40,"column":33},"end":{"line":49,"column":3}},"line":40},"2":{"name":"(anonymous_2)","decl":{"start":{"line":52,"column":32},"end":{"line":52,"column":33}},"loc":{"start":{"line":52,"column":43},"end":{"line":60,"column":3}},"line":52},"3":{"name":"(anonymous_3)","decl":{"start":{"line":63,"column":25},"end":{"line":63,"column":26}},"loc":{"start":{"line":63,"column":37},"end":{"line":89,"column":3}},"line":63},"4":{"name":"(anonymous_4)","decl":{"start":{"line":92,"column":24},"end":{"line":92,"column":25}},"loc":{"start":{"line":92,"column":36},"end":{"line":103,"column":3}},"line":92},"5":{"name":"(anonymous_5)","decl":{"start":{"line":106,"column":26},"end":{"line":106,"column":27}},"loc":{"start":{"line":106,"column":32},"end":{"line":137,"column":3}},"line":106},"6":{"name":"(anonymous_6)","decl":{"start":{"line":118,"column":19},"end":{"line":118,"column":20}},"loc":{"start":{"line":118,"column":31},"end":{"line":133,"column":11}},"line":118},"7":{"name":"(anonymous_7)","decl":{"start":{"line":213,"column":25},"end":{"line":213,"column":26}},"loc":{"start":{"line":213,"column":31},"end":{"line":213,"column":81}},"line":213},"8":{"name":"(anonymous_8)","decl":{"start":{"line":225,"column":25},"end":{"line":225,"column":26}},"loc":{"start":{"line":225,"column":31},"end":{"line":225,"column":82}},"line":225},"9":{"name":"(anonymous_9)","decl":{"start":{"line":237,"column":25},"end":{"line":237,"column":26}},"loc":{"start":{"line":237,"column":31},"end":{"line":237,"column":82}},"line":237},"10":{"name":"(anonymous_10)","decl":{"start":{"line":260,"column":25},"end":{"line":260,"column":26}},"loc":{"start":{"line":260,"column":31},"end":{"line":260,"column":75}},"line":260},"11":{"name":"(anonymous_11)","decl":{"start":{"line":272,"column":25},"end":{"line":272,"column":26}},"loc":{"start":{"line":272,"column":31},"end":{"line":272,"column":75}},"line":272},"12":{"name":"(anonymous_12)","decl":{"start":{"line":284,"column":25},"end":{"line":284,"column":26}},"loc":{"start":{"line":284,"column":31},"end":{"line":284,"column":76}},"line":284},"13":{"name":"(anonymous_13)","decl":{"start":{"line":312,"column":25},"end":{"line":312,"column":26}},"loc":{"start":{"line":312,"column":31},"end":{"line":312,"column":60}},"line":312},"14":{"name":"(anonymous_14)","decl":{"start":{"line":324,"column":25},"end":{"line":324,"column":26}},"loc":{"start":{"line":324,"column":31},"end":{"line":324,"column":64}},"line":324},"15":{"name":"(anonymous_15)","decl":{"start":{"line":336,"column":25},"end":{"line":336,"column":26}},"loc":{"start":{"line":336,"column":31},"end":{"line":336,"column":59}},"line":336},"16":{"name":"(anonymous_16)","decl":{"start":{"line":355,"column":29},"end":{"line":355,"column":30}},"loc":{"start":{"line":355,"column":35},"end":{"line":355,"column":71}},"line":355},"17":{"name":"(anonymous_17)","decl":{"start":{"line":371,"column":29},"end":{"line":371,"column":30}},"loc":{"start":{"line":371,"column":35},"end":{"line":371,"column":68}},"line":371},"18":{"name":"(anonymous_18)","decl":{"start":{"line":392,"column":29},"end":{"line":392,"column":30}},"loc":{"start":{"line":392,"column":35},"end":{"line":392,"column":67}},"line":392},"19":{"name":"(anonymous_19)","decl":{"start":{"line":412,"column":25},"end":{"line":412,"column":26}},"loc":{"start":{"line":412,"column":31},"end":{"line":412,"column":79}},"line":412},"20":{"name":"(anonymous_20)","decl":{"start":{"line":424,"column":25},"end":{"line":424,"column":26}},"loc":{"start":{"line":424,"column":31},"end":{"line":424,"column":80}},"line":424},"21":{"name":"(anonymous_21)","decl":{"start":{"line":436,"column":25},"end":{"line":436,"column":26}},"loc":{"start":{"line":436,"column":31},"end":{"line":436,"column":80}},"line":436},"22":{"name":"(anonymous_22)","decl":{"start":{"line":513,"column":21},"end":{"line":513,"column":22}},"loc":{"start":{"line":513,"column":27},"end":{"line":513,"column":82}},"line":513},"23":{"name":"(anonymous_23)","decl":{"start":{"line":521,"column":21},"end":{"line":521,"column":22}},"loc":{"start":{"line":521,"column":27},"end":{"line":521,"column":80}},"line":521},"24":{"name":"(anonymous_24)","decl":{"start":{"line":529,"column":21},"end":{"line":529,"column":22}},"loc":{"start":{"line":529,"column":27},"end":{"line":529,"column":81}},"line":529}},"branchMap":{"0":{"loc":{"start":{"line":73,"column":6},"end":{"line":83,"column":7}},"type":"if","locations":[{"start":{"line":73,"column":6},"end":{"line":83,"column":7}},{"start":{"line":78,"column":13},"end":{"line":83,"column":7}}],"line":73},"1":{"loc":{"start":{"line":73,"column":10},"end":{"line":73,"column":56}},"type":"binary-expr","locations":[{"start":{"line":73,"column":10},"end":{"line":73,"column":32}},{"start":{"line":73,"column":36},"end":{"line":73,"column":56}}],"line":73},"2":{"loc":{"start":{"line":96,"column":6},"end":{"line":98,"column":7}},"type":"if","locations":[{"start":{"line":96,"column":6},"end":{"line":98,"column":7}},{"start":{},"end":{}}],"line":96},"3":{"loc":{"start":{"line":97,"column":14},"end":{"line":97,"column":54}},"type":"binary-expr","locations":[{"start":{"line":97,"column":14},"end":{"line":97,"column":19}},{"start":{"line":97,"column":23},"end":{"line":97,"column":54}}],"line":97},"4":{"loc":{"start":{"line":159,"column":15},"end":{"line":168,"column":15}},"type":"cond-expr","locations":[{"start":{"line":160,"column":16},"end":{"line":160,"column":78}},{"start":{"line":162,"column":16},"end":{"line":167,"column":35}}],"line":159},"5":{"loc":{"start":{"line":159,"column":15},"end":{"line":159,"column":79}},"type":"binary-expr","locations":[{"start":{"line":159,"column":15},"end":{"line":159,"column":45}},{"start":{"line":159,"column":49},"end":{"line":159,"column":79}}],"line":159},"6":{"loc":{"start":{"line":181,"column":15},"end":{"line":190,"column":15}},"type":"cond-expr","locations":[{"start":{"line":182,"column":16},"end":{"line":182,"column":78}},{"start":{"line":184,"column":16},"end":{"line":189,"column":35}}],"line":181},"7":{"loc":{"start":{"line":211,"column":18},"end":{"line":211,"column":76}},"type":"binary-expr","locations":[{"start":{"line":211,"column":18},"end":{"line":211,"column":52}},{"start":{"line":211,"column":56},"end":{"line":211,"column":76}}],"line":211},"8":{"loc":{"start":{"line":215,"column":29},"end":{"line":215,"column":109}},"type":"cond-expr","locations":[{"start":{"line":215,"column":66},"end":{"line":215,"column":90}},{"start":{"line":215,"column":93},"end":{"line":215,"column":109}}],"line":215},"9":{"loc":{"start":{"line":223,"column":18},"end":{"line":223,"column":77}},"type":"binary-expr","locations":[{"start":{"line":223,"column":18},"end":{"line":223,"column":53}},{"start":{"line":223,"column":57},"end":{"line":223,"column":77}}],"line":223},"10":{"loc":{"start":{"line":227,"column":29},"end":{"line":227,"column":110}},"type":"cond-expr","locations":[{"start":{"line":227,"column":67},"end":{"line":227,"column":91}},{"start":{"line":227,"column":94},"end":{"line":227,"column":110}}],"line":227},"11":{"loc":{"start":{"line":235,"column":18},"end":{"line":235,"column":77}},"type":"binary-expr","locations":[{"start":{"line":235,"column":18},"end":{"line":235,"column":53}},{"start":{"line":235,"column":57},"end":{"line":235,"column":77}}],"line":235},"12":{"loc":{"start":{"line":239,"column":29},"end":{"line":239,"column":110}},"type":"cond-expr","locations":[{"start":{"line":239,"column":67},"end":{"line":239,"column":91}},{"start":{"line":239,"column":94},"end":{"line":239,"column":110}}],"line":239},"13":{"loc":{"start":{"line":258,"column":18},"end":{"line":258,"column":70}},"type":"binary-expr","locations":[{"start":{"line":258,"column":18},"end":{"line":258,"column":46}},{"start":{"line":258,"column":50},"end":{"line":258,"column":70}}],"line":258},"14":{"loc":{"start":{"line":262,"column":29},"end":{"line":262,"column":103}},"type":"cond-expr","locations":[{"start":{"line":262,"column":60},"end":{"line":262,"column":84}},{"start":{"line":262,"column":87},"end":{"line":262,"column":103}}],"line":262},"15":{"loc":{"start":{"line":270,"column":18},"end":{"line":270,"column":70}},"type":"binary-expr","locations":[{"start":{"line":270,"column":18},"end":{"line":270,"column":46}},{"start":{"line":270,"column":50},"end":{"line":270,"column":70}}],"line":270},"16":{"loc":{"start":{"line":274,"column":29},"end":{"line":274,"column":103}},"type":"cond-expr","locations":[{"start":{"line":274,"column":60},"end":{"line":274,"column":84}},{"start":{"line":274,"column":87},"end":{"line":274,"column":103}}],"line":274},"17":{"loc":{"start":{"line":282,"column":18},"end":{"line":282,"column":71}},"type":"binary-expr","locations":[{"start":{"line":282,"column":18},"end":{"line":282,"column":47}},{"start":{"line":282,"column":51},"end":{"line":282,"column":71}}],"line":282},"18":{"loc":{"start":{"line":286,"column":29},"end":{"line":286,"column":104}},"type":"cond-expr","locations":[{"start":{"line":286,"column":61},"end":{"line":286,"column":85}},{"start":{"line":286,"column":88},"end":{"line":286,"column":104}}],"line":286},"19":{"loc":{"start":{"line":310,"column":18},"end":{"line":310,"column":79}},"type":"binary-expr","locations":[{"start":{"line":310,"column":18},"end":{"line":310,"column":55}},{"start":{"line":310,"column":59},"end":{"line":310,"column":79}}],"line":310},"20":{"loc":{"start":{"line":314,"column":29},"end":{"line":314,"column":112}},"type":"cond-expr","locations":[{"start":{"line":314,"column":69},"end":{"line":314,"column":93}},{"start":{"line":314,"column":96},"end":{"line":314,"column":112}}],"line":314},"21":{"loc":{"start":{"line":322,"column":18},"end":{"line":322,"column":83}},"type":"binary-expr","locations":[{"start":{"line":322,"column":18},"end":{"line":322,"column":59}},{"start":{"line":322,"column":63},"end":{"line":322,"column":83}}],"line":322},"22":{"loc":{"start":{"line":326,"column":29},"end":{"line":326,"column":116}},"type":"cond-expr","locations":[{"start":{"line":326,"column":73},"end":{"line":326,"column":97}},{"start":{"line":326,"column":100},"end":{"line":326,"column":116}}],"line":326},"23":{"loc":{"start":{"line":334,"column":18},"end":{"line":334,"column":78}},"type":"binary-expr","locations":[{"start":{"line":334,"column":18},"end":{"line":334,"column":54}},{"start":{"line":334,"column":58},"end":{"line":334,"column":78}}],"line":334},"24":{"loc":{"start":{"line":338,"column":29},"end":{"line":338,"column":111}},"type":"cond-expr","locations":[{"start":{"line":338,"column":68},"end":{"line":338,"column":92}},{"start":{"line":338,"column":95},"end":{"line":338,"column":111}}],"line":338},"25":{"loc":{"start":{"line":357,"column":26},"end":{"line":357,"column":78}},"type":"cond-expr","locations":[{"start":{"line":357,"column":57},"end":{"line":357,"column":66}},{"start":{"line":357,"column":69},"end":{"line":357,"column":78}}],"line":357},"26":{"loc":{"start":{"line":373,"column":26},"end":{"line":373,"column":75}},"type":"cond-expr","locations":[{"start":{"line":373,"column":54},"end":{"line":373,"column":63}},{"start":{"line":373,"column":66},"end":{"line":373,"column":75}}],"line":373},"27":{"loc":{"start":{"line":394,"column":26},"end":{"line":394,"column":74}},"type":"cond-expr","locations":[{"start":{"line":394,"column":53},"end":{"line":394,"column":62}},{"start":{"line":394,"column":65},"end":{"line":394,"column":74}}],"line":394},"28":{"loc":{"start":{"line":410,"column":18},"end":{"line":410,"column":74}},"type":"binary-expr","locations":[{"start":{"line":410,"column":18},"end":{"line":410,"column":50}},{"start":{"line":410,"column":54},"end":{"line":410,"column":74}}],"line":410},"29":{"loc":{"start":{"line":414,"column":29},"end":{"line":414,"column":107}},"type":"cond-expr","locations":[{"start":{"line":414,"column":64},"end":{"line":414,"column":88}},{"start":{"line":414,"column":91},"end":{"line":414,"column":107}}],"line":414},"30":{"loc":{"start":{"line":422,"column":18},"end":{"line":422,"column":75}},"type":"binary-expr","locations":[{"start":{"line":422,"column":18},"end":{"line":422,"column":51}},{"start":{"line":422,"column":55},"end":{"line":422,"column":75}}],"line":422},"31":{"loc":{"start":{"line":426,"column":29},"end":{"line":426,"column":108}},"type":"cond-expr","locations":[{"start":{"line":426,"column":65},"end":{"line":426,"column":89}},{"start":{"line":426,"column":92},"end":{"line":426,"column":108}}],"line":426},"32":{"loc":{"start":{"line":434,"column":18},"end":{"line":434,"column":75}},"type":"binary-expr","locations":[{"start":{"line":434,"column":18},"end":{"line":434,"column":51}},{"start":{"line":434,"column":55},"end":{"line":434,"column":75}}],"line":434},"33":{"loc":{"start":{"line":438,"column":29},"end":{"line":438,"column":108}},"type":"cond-expr","locations":[{"start":{"line":438,"column":65},"end":{"line":438,"column":89}},{"start":{"line":438,"column":92},"end":{"line":438,"column":108}}],"line":438},"34":{"loc":{"start":{"line":460,"column":15},"end":{"line":460,"column":75}},"type":"cond-expr","locations":[{"start":{"line":460,"column":22},"end":{"line":460,"column":33}},{"start":{"line":460,"column":37},"end":{"line":460,"column":74}}],"line":460},"35":{"loc":{"start":{"line":460,"column":37},"end":{"line":460,"column":74}},"type":"cond-expr","locations":[{"start":{"line":460,"column":47},"end":{"line":460,"column":59}},{"start":{"line":460,"column":62},"end":{"line":460,"column":74}}],"line":460},"36":{"loc":{"start":{"line":464,"column":11},"end":{"line":469,"column":11}},"type":"binary-expr","locations":[{"start":{"line":464,"column":11},"end":{"line":464,"column":15}},{"start":{"line":465,"column":12},"end":{"line":468,"column":19}}],"line":464},"37":{"loc":{"start":{"line":471,"column":11},"end":{"line":489,"column":11}},"type":"binary-expr","locations":[{"start":{"line":471,"column":11},"end":{"line":471,"column":19}},{"start":{"line":471,"column":23},"end":{"line":471,"column":27}},{"start":{"line":472,"column":12},"end":{"line":488,"column":31}}],"line":471},"38":{"loc":{"start":{"line":477,"column":15},"end":{"line":487,"column":15}},"type":"cond-expr","locations":[{"start":{"line":478,"column":16},"end":{"line":481,"column":23}},{"start":{"line":483,"column":16},"end":{"line":486,"column":19}}],"line":477},"39":{"loc":{"start":{"line":496,"column":15},"end":{"line":496,"column":55}},"type":"cond-expr","locations":[{"start":{"line":496,"column":25},"end":{"line":496,"column":42}},{"start":{"line":496,"column":45},"end":{"line":496,"column":55}}],"line":496}},"s":{"0":0,"1":0,"2":0,"3":0,"4":0,"5":0,"6":0,"7":0,"8":0,"9":0,"10":0,"11":0,"12":0,"13":0,"14":0,"15":0,"16":0,"17":0,"18":0,"19":0,"20":0,"21":0,"22":0,"23":0,"24":0,"25":0,"26":0,"27":0,"28":0,"29":0,"30":0,"31":0,"32":0,"33":0,"34":0,"35":0,"36":0,"37":0,"38":0,"39":0,"40":0,"41":0,"42":0,"43":0,"44":0,"45":0,"46":0,"47":0,"48":0,"49":0,"50":0,"51":0,"52":0,"53":0,"54":0,"55":0,"56":0,"57":0,"58":0,"59":0},"f":{"0":0,"1":0,"2":0,"3":0,"4":0,"5":0,"6":0,"7":0,"8":0,"9":0,"10":0,"11":0,"12":0,"13":0,"14":0,"15":0,"16":0,"17":0,"18":0,"19":0,"20":0,"21":0,"22":0,"23":0,"24":0},"b":{"0":[0,0],"1":[0,0],"2":[0,0],"3":[0,0],"4":[0,0],"5":[0,0],"6":[0,0],"7":[0,0],"8":[0,0],"9":[0,0],"10":[0,0],"11":[0,0],"12":[0,0],"13":[0,0],"14":[0,0],"15":[0,0],"16":[0,0],"17":[0,0],"18":[0,0],"19":[0,0],"20":[0,0],"21":[0,0],"22":[0,0],"23":[0,0],"24":[0,0],"25":[0,0],"26":[0,0],"27":[0,0],"28":[0,0],"29":[0,0],"30":[0,0],"31":[0,0],"32":[0,0],"33":[0,0],"34":[0,0],"35":[0,0],"36":[0,0],"37":[0,0,0],"38":[0,0],"39":[0,0]}}
,"/home/siduction/Projects/safetack_claude/safetack/app/(auth)/_layout.js": {"path":"/home/siduction/Projects/safetack_claude/safetack/app/(auth)/_layout.js","statementMap":{"0":{"start":{"line":4,"column":2},"end":{"line":8,"column":4}}},"fnMap":{"0":{"name":"AuthLayout","decl":{"start":{"line":3,"column":24},"end":{"line":3,"column":34}},"loc":{"start":{"line":3,"column":37},"end":{"line":9,"column":1}},"line":3}},"branchMap":{},"s":{"0":0},"f":{"0":0},"b":{}}
,"/home/siduction/Projects/safetack_claude/safetack/app/(tabs)/contacts.js": {"path":"/home/siduction/Projects/safetack_claude/safetack/app/(tabs)/contacts.js","statementMap":{"0":{"start":{"line":18,"column":34},"end":{"line":18,"column":46}},"1":{"start":{"line":19,"column":32},"end":{"line":19,"column":46}},"2":{"start":{"line":20,"column":28},"end":{"line":20,"column":42}},"3":{"start":{"line":21,"column":42},"end":{"line":21,"column":57}},"4":{"start":{"line":22,"column":46},"end":{"line":22,"column":60}},"5":{"start":{"line":25,"column":26},"end":{"line":25,"column":38}},"6":{"start":{"line":26,"column":40},"end":{"line":26,"column":52}},"7":{"start":{"line":27,"column":28},"end":{"line":27,"column":40}},"8":{"start":{"line":28,"column":42},"end":{"line":28,"column":54}},"9":{"start":{"line":29,"column":34},"end":{"line":29,"column":48}},"10":{"start":{"line":30,"column":34},"end":{"line":30,"column":47}},"11":{"start":{"line":33,"column":2},"end":{"line":35,"column":9}},"12":{"start":{"line":34,"column":4},"end":{"line":34,"column":19}},"13":{"start":{"line":38,"column":23},"end":{"line":52,"column":3}},"14":{"start":{"line":39,"column":4},"end":{"line":51,"column":5}},"15":{"start":{"line":40,"column":6},"end":{"line":40,"column":23}},"16":{"start":{"line":41,"column":6},"end":{"line":41,"column":21}},"17":{"start":{"line":43,"column":26},"end":{"line":43,"column":59}},"18":{"start":{"line":44,"column":6},"end":{"line":44,"column":31}},"19":{"start":{"line":46,"column":6},"end":{"line":46,"column":24}},"20":{"start":{"line":48,"column":6},"end":{"line":48,"column":52}},"21":{"start":{"line":49,"column":6},"end":{"line":49,"column":57}},"22":{"start":{"line":50,"column":6},"end":{"line":50,"column":24}},"23":{"start":{"line":55,"column":27},"end":{"line":64,"column":3}},"24":{"start":{"line":56,"column":4},"end":{"line":56,"column":28}},"25":{"start":{"line":57,"column":4},"end":{"line":57,"column":16}},"26":{"start":{"line":58,"column":4},"end":{"line":58,"column":23}},"27":{"start":{"line":59,"column":4},"end":{"line":59,"column":17}},"28":{"start":{"line":60,"column":4},"end":{"line":60,"column":24}},"29":{"start":{"line":61,"column":4},"end":{"line":61,"column":22}},"30":{"start":{"line":62,"column":4},"end":{"line":62,"column":21}},"31":{"start":{"line":63,"column":4},"end":{"line":63,"column":26}},"32":{"start":{"line":67,"column":28},"end":{"line":76,"column":3}},"33":{"start":{"line":68,"column":4},"end":{"line":68,"column":31}},"34":{"start":{"line":69,"column":4},"end":{"line":69,"column":26}},"35":{"start":{"line":70,"column":4},"end":{"line":70,"column":47}},"36":{"start":{"line":71,"column":4},"end":{"line":71,"column":34}},"37":{"start":{"line":72,"column":4},"end":{"line":72,"column":48}},"38":{"start":{"line":73,"column":4},"end":{"line":73,"column":41}},"39":{"start":{"line":74,"column":4},"end":{"line":74,"column":45}},"40":{"start":{"line":75,"column":4},"end":{"line":75,"column":26}},"41":{"start":{"line":79,"column":28},"end":{"line":121,"column":3}},"42":{"start":{"line":80,"column":4},"end":{"line":120,"column":5}},"43":{"start":{"line":82,"column":6},"end":{"line":85,"column":7}},"44":{"start":{"line":83,"column":8},"end":{"line":83,"column":52}},"45":{"start":{"line":84,"column":8},"end":{"line":84,"column":15}},"46":{"start":{"line":87,"column":6},"end":{"line":90,"column":7}},"47":{"start":{"line":88,"column":8},"end":{"line":88,"column":78}},"48":{"start":{"line":89,"column":8},"end":{"line":89,"column":15}},"49":{"start":{"line":92,"column":26},"end":{"line":99,"column":7}},"50":{"start":{"line":101,"column":6},"end":{"line":101,"column":23}},"51":{"start":{"line":103,"column":6},"end":{"line":109,"column":7}},"52":{"start":{"line":105,"column":8},"end":{"line":105,"column":74}},"53":{"start":{"line":108,"column":8},"end":{"line":108,"column":55}},"54":{"start":{"line":112,"column":6},"end":{"line":112,"column":27}},"55":{"start":{"line":114,"column":6},"end":{"line":114,"column":29}},"56":{"start":{"line":115,"column":6},"end":{"line":115,"column":24}},"57":{"start":{"line":117,"column":6},"end":{"line":117,"column":50}},"58":{"start":{"line":118,"column":6},"end":{"line":118,"column":53}},"59":{"start":{"line":119,"column":6},"end":{"line":119,"column":24}},"60":{"start":{"line":124,"column":30},"end":{"line":151,"column":3}},"61":{"start":{"line":125,"column":4},"end":{"line":150,"column":6}},"62":{"start":{"line":137,"column":12},"end":{"line":146,"column":13}},"63":{"start":{"line":138,"column":14},"end":{"line":138,"column":31}},"64":{"start":{"line":139,"column":14},"end":{"line":139,"column":59}},"65":{"start":{"line":140,"column":14},"end":{"line":140,"column":35}},"66":{"start":{"line":141,"column":14},"end":{"line":141,"column":32}},"67":{"start":{"line":143,"column":14},"end":{"line":143,"column":60}},"68":{"start":{"line":144,"column":14},"end":{"line":144,"column":63}},"69":{"start":{"line":145,"column":14},"end":{"line":145,"column":32}},"70":{"start":{"line":154,"column":28},"end":{"line":217,"column":3}},"71":{"start":{"line":155,"column":4},"end":{"line":216,"column":6}},"72":{"start":{"line":203,"column":27},"end":{"line":203,"column":50}},"73":{"start":{"line":210,"column":27},"end":{"line":210,"column":55}},"74":{"start":{"line":220,"column":27},"end":{"line":230,"column":3}},"75":{"start":{"line":221,"column":4},"end":{"line":229,"column":6}},"76":{"start":{"line":232,"column":2},"end":{"line":370,"column":4}},"77":{"start":{"line":264,"column":32},"end":{"line":264,"column":50}},"78":{"start":{"line":274,"column":30},"end":{"line":274,"column":52}},"79":{"start":{"line":283,"column":31},"end":{"line":283,"column":53}},"80":{"start":{"line":373,"column":15},"end":{"line":564,"column":2}}},"fnMap":{"0":{"name":"ContactsScreen","decl":{"start":{"line":17,"column":24},"end":{"line":17,"column":38}},"loc":{"start":{"line":17,"column":41},"end":{"line":371,"column":1}},"line":17},"1":{"name":"(anonymous_1)","decl":{"start":{"line":33,"column":12},"end":{"line":33,"column":13}},"loc":{"start":{"line":33,"column":18},"end":{"line":35,"column":3}},"line":33},"2":{"name":"(anonymous_2)","decl":{"start":{"line":38,"column":23},"end":{"line":38,"column":24}},"loc":{"start":{"line":38,"column":35},"end":{"line":52,"column":3}},"line":38},"3":{"name":"(anonymous_3)","decl":{"start":{"line":55,"column":27},"end":{"line":55,"column":28}},"loc":{"start":{"line":55,"column":33},"end":{"line":64,"column":3}},"line":55},"4":{"name":"(anonymous_4)","decl":{"start":{"line":67,"column":28},"end":{"line":67,"column":29}},"loc":{"start":{"line":67,"column":41},"end":{"line":76,"column":3}},"line":67},"5":{"name":"(anonymous_5)","decl":{"start":{"line":79,"column":28},"end":{"line":79,"column":29}},"loc":{"start":{"line":79,"column":40},"end":{"line":121,"column":3}},"line":79},"6":{"name":"(anonymous_6)","decl":{"start":{"line":124,"column":30},"end":{"line":124,"column":31}},"loc":{"start":{"line":124,"column":51},"end":{"line":151,"column":3}},"line":124},"7":{"name":"(anonymous_7)","decl":{"start":{"line":136,"column":19},"end":{"line":136,"column":20}},"loc":{"start":{"line":136,"column":31},"end":{"line":147,"column":11}},"line":136},"8":{"name":"(anonymous_8)","decl":{"start":{"line":154,"column":28},"end":{"line":154,"column":29}},"loc":{"start":{"line":154,"column":42},"end":{"line":217,"column":3}},"line":154},"9":{"name":"(anonymous_9)","decl":{"start":{"line":203,"column":21},"end":{"line":203,"column":22}},"loc":{"start":{"line":203,"column":27},"end":{"line":203,"column":50}},"line":203},"10":{"name":"(anonymous_10)","decl":{"start":{"line":210,"column":21},"end":{"line":210,"column":22}},"loc":{"start":{"line":210,"column":27},"end":{"line":210,"column":55}},"line":210},"11":{"name":"(anonymous_11)","decl":{"start":{"line":220,"column":27},"end":{"line":220,"column":28}},"loc":{"start":{"line":220,"column":33},"end":{"line":230,"column":3}},"line":220},"12":{"name":"(anonymous_12)","decl":{"start":{"line":264,"column":24},"end":{"line":264,"column":25}},"loc":{"start":{"line":264,"column":32},"end":{"line":264,"column":50}},"line":264},"13":{"name":"(anonymous_13)","decl":{"start":{"line":274,"column":24},"end":{"line":274,"column":25}},"loc":{"start":{"line":274,"column":30},"end":{"line":274,"column":52}},"line":274},"14":{"name":"(anonymous_14)","decl":{"start":{"line":283,"column":25},"end":{"line":283,"column":26}},"loc":{"start":{"line":283,"column":31},"end":{"line":283,"column":53}},"line":283}},"branchMap":{"0":{"loc":{"start":{"line":70,"column":19},"end":{"line":70,"column":45}},"type":"binary-expr","locations":[{"start":{"line":70,"column":19},"end":{"line":70,"column":39}},{"start":{"line":70,"column":43},"end":{"line":70,"column":45}}],"line":70},"1":{"loc":{"start":{"line":71,"column":13},"end":{"line":71,"column":32}},"type":"binary-expr","locations":[{"start":{"line":71,"column":13},"end":{"line":71,"column":26}},{"start":{"line":71,"column":30},"end":{"line":71,"column":32}}],"line":71},"2":{"loc":{"start":{"line":72,"column":20},"end":{"line":72,"column":46}},"type":"binary-expr","locations":[{"start":{"line":72,"column":20},"end":{"line":72,"column":40}},{"start":{"line":72,"column":44},"end":{"line":72,"column":46}}],"line":72},"3":{"loc":{"start":{"line":82,"column":6},"end":{"line":85,"column":7}},"type":"if","locations":[{"start":{"line":82,"column":6},"end":{"line":85,"column":7}},{"start":{},"end":{}}],"line":82},"4":{"loc":{"start":{"line":87,"column":6},"end":{"line":90,"column":7}},"type":"if","locations":[{"start":{"line":87,"column":6},"end":{"line":90,"column":7}},{"start":{},"end":{}}],"line":87},"5":{"loc":{"start":{"line":87,"column":10},"end":{"line":87,"column":46}},"type":"binary-expr","locations":[{"start":{"line":87,"column":10},"end":{"line":87,"column":29}},{"start":{"line":87,"column":33},"end":{"line":87,"column":46}}],"line":87},"6":{"loc":{"start":{"line":94,"column":22},"end":{"line":94,"column":48}},"type":"binary-expr","locations":[{"start":{"line":94,"column":22},"end":{"line":94,"column":40}},{"start":{"line":94,"column":44},"end":{"line":94,"column":48}}],"line":94},"7":{"loc":{"start":{"line":95,"column":15},"end":{"line":95,"column":35}},"type":"binary-expr","locations":[{"start":{"line":95,"column":15},"end":{"line":95,"column":27}},{"start":{"line":95,"column":31},"end":{"line":95,"column":35}}],"line":95},"8":{"loc":{"start":{"line":96,"column":22},"end":{"line":96,"column":49}},"type":"binary-expr","locations":[{"start":{"line":96,"column":22},"end":{"line":96,"column":41}},{"start":{"line":96,"column":45},"end":{"line":96,"column":49}}],"line":96},"9":{"loc":{"start":{"line":97,"column":18},"end":{"line":97,"column":41}},"type":"binary-expr","locations":[{"start":{"line":97,"column":18},"end":{"line":97,"column":36}},{"start":{"line":97,"column":40},"end":{"line":97,"column":41}}],"line":97},"10":{"loc":{"start":{"line":103,"column":6},"end":{"line":109,"column":7}},"type":"if","locations":[{"start":{"line":103,"column":6},"end":{"line":109,"column":7}},{"start":{"line":106,"column":13},"end":{"line":109,"column":7}}],"line":103},"11":{"loc":{"start":{"line":161,"column":31},"end":{"line":161,"column":69}},"type":"cond-expr","locations":[{"start":{"line":161,"column":48},"end":{"line":161,"column":57}},{"start":{"line":161,"column":60},"end":{"line":161,"column":69}}],"line":161},"12":{"loc":{"start":{"line":165,"column":23},"end":{"line":165,"column":61}},"type":"cond-expr","locations":[{"start":{"line":165,"column":40},"end":{"line":165,"column":49}},{"start":{"line":165,"column":52},"end":{"line":165,"column":61}}],"line":165},"13":{"loc":{"start":{"line":167,"column":15},"end":{"line":167,"column":53}},"type":"cond-expr","locations":[{"start":{"line":167,"column":32},"end":{"line":167,"column":40}},{"start":{"line":167,"column":43},"end":{"line":167,"column":53}}],"line":167},"14":{"loc":{"start":{"line":173,"column":11},"end":{"line":178,"column":11}},"type":"binary-expr","locations":[{"start":{"line":173,"column":11},"end":{"line":173,"column":28}},{"start":{"line":174,"column":12},"end":{"line":177,"column":19}}],"line":173},"15":{"loc":{"start":{"line":180,"column":11},"end":{"line":185,"column":11}},"type":"binary-expr","locations":[{"start":{"line":180,"column":11},"end":{"line":180,"column":21}},{"start":{"line":181,"column":12},"end":{"line":184,"column":19}}],"line":180},"16":{"loc":{"start":{"line":187,"column":11},"end":{"line":192,"column":11}},"type":"binary-expr","locations":[{"start":{"line":187,"column":11},"end":{"line":187,"column":28}},{"start":{"line":188,"column":12},"end":{"line":191,"column":19}}],"line":187},"17":{"loc":{"start":{"line":244,"column":7},"end":{"line":268,"column":7}},"type":"cond-expr","locations":[{"start":{"line":245,"column":8},"end":{"line":248,"column":15}},{"start":{"line":249,"column":10},"end":{"line":268,"column":7}}],"line":244},"18":{"loc":{"start":{"line":244,"column":7},"end":{"line":244,"column":31}},"type":"binary-expr","locations":[{"start":{"line":244,"column":7},"end":{"line":244,"column":14}},{"start":{"line":244,"column":18},"end":{"line":244,"column":31}}],"line":244},"19":{"loc":{"start":{"line":249,"column":10},"end":{"line":268,"column":7}},"type":"cond-expr","locations":[{"start":{"line":250,"column":8},"end":{"line":259,"column":15}},{"start":{"line":261,"column":8},"end":{"line":267,"column":10}}],"line":249},"20":{"loc":{"start":{"line":265,"column":33},"end":{"line":265,"column":86}},"type":"cond-expr","locations":[{"start":{"line":265,"column":57},"end":{"line":265,"column":68}},{"start":{"line":265,"column":71},"end":{"line":265,"column":86}}],"line":265},"21":{"loc":{"start":{"line":280,"column":17},"end":{"line":280,"column":64}},"type":"cond-expr","locations":[{"start":{"line":280,"column":34},"end":{"line":280,"column":48}},{"start":{"line":280,"column":51},"end":{"line":280,"column":64}}],"line":280},"22":{"loc":{"start":{"line":350,"column":30},"end":{"line":350,"column":62}},"type":"cond-expr","locations":[{"start":{"line":350,"column":41},"end":{"line":350,"column":50}},{"start":{"line":350,"column":53},"end":{"line":350,"column":62}}],"line":350},"23":{"loc":{"start":{"line":359,"column":17},"end":{"line":363,"column":17}},"type":"cond-expr","locations":[{"start":{"line":360,"column":18},"end":{"line":360,"column":65}},{"start":{"line":362,"column":18},"end":{"line":362,"column":73}}],"line":359}},"s":{"0":0,"1":0,"2":0,"3":0,"4":0,"5":0,"6":0,"7":0,"8":0,"9":0,"10":0,"11":0,"12":0,"13":0,"14":0,"15":0,"16":0,"17":0,"18":0,"19":0,"20":0,"21":0,"22":0,"23":0,"24":0,"25":0,"26":0,"27":0,"28":0,"29":0,"30":0,"31":0,"32":0,"33":0,"34":0,"35":0,"36":0,"37":0,"38":0,"39":0,"40":0,"41":0,"42":0,"43":0,"44":0,"45":0,"46":0,"47":0,"48":0,"49":0,"50":0,"51":0,"52":0,"53":0,"54":0,"55":0,"56":0,"57":0,"58":0,"59":0,"60":0,"61":0,"62":0,"63":0,"64":0,"65":0,"66":0,"67":0,"68":0,"69":0,"70":0,"71":0,"72":0,"73":0,"74":0,"75":0,"76":0,"77":0,"78":0,"79":0,"80":0},"f":{"0":0,"1":0,"2":0,"3":0,"4":0,"5":0,"6":0,"7":0,"8":0,"9":0,"10":0,"11":0,"12":0,"13":0,"14":0},"b":{"0":[0,0],"1":[0,0],"2":[0,0],"3":[0,0],"4":[0,0],"5":[0,0],"6":[0,0],"7":[0,0],"8":[0,0],"9":[0,0],"10":[0,0],"11":[0,0],"12":[0,0],"13":[0,0],"14":[0,0],"15":[0,0],"16":[0,0],"17":[0,0],"18":[0,0],"19":[0,0],"20":[0,0],"21":[0,0],"22":[0,0],"23":[0,0]}}
,"/home/siduction/Projects/safetack_claude/safetack/app/(tabs)/routes.js": {"path":"/home/siduction/Projects/safetack_claude/safetack/app/(tabs)/routes.js","statementMap":{"0":{"start":{"line":8,"column":30},"end":{"line":8,"column":42}},"1":{"start":{"line":9,"column":32},"end":{"line":9,"column":46}},"2":{"start":{"line":10,"column":28},"end":{"line":10,"column":42}},"3":{"start":{"line":11,"column":17},"end":{"line":11,"column":28}},"4":{"start":{"line":14,"column":2},"end":{"line":16,"column":9}},"5":{"start":{"line":15,"column":4},"end":{"line":15,"column":17}},"6":{"start":{"line":19,"column":21},"end":{"line":30,"column":3}},"7":{"start":{"line":20,"column":4},"end":{"line":29,"column":5}},"8":{"start":{"line":21,"column":6},"end":{"line":21,"column":23}},"9":{"start":{"line":22,"column":24},"end":{"line":22,"column":53}},"10":{"start":{"line":23,"column":6},"end":{"line":23,"column":27}},"11":{"start":{"line":24,"column":6},"end":{"line":24,"column":24}},"12":{"start":{"line":26,"column":6},"end":{"line":26,"column":50}},"13":{"start":{"line":27,"column":6},"end":{"line":27,"column":45}},"14":{"start":{"line":28,"column":6},"end":{"line":28,"column":24}},"15":{"start":{"line":33,"column":27},"end":{"line":35,"column":3}},"16":{"start":{"line":34,"column":4},"end":{"line":34,"column":37}},"17":{"start":{"line":38,"column":26},"end":{"line":100,"column":3}},"18":{"start":{"line":40,"column":26},"end":{"line":42,"column":27}},"19":{"start":{"line":44,"column":24},"end":{"line":46,"column":25}},"20":{"start":{"line":49,"column":23},"end":{"line":49,"column":62}},"21":{"start":{"line":50,"column":26},"end":{"line":50,"column":72}},"22":{"start":{"line":52,"column":4},"end":{"line":99,"column":6}},"23":{"start":{"line":55,"column":23},"end":{"line":55,"column":48}},"24":{"start":{"line":103,"column":25},"end":{"line":115,"column":3}},"25":{"start":{"line":104,"column":4},"end":{"line":104,"column":36}},"26":{"start":{"line":104,"column":19},"end":{"line":104,"column":36}},"27":{"start":{"line":106,"column":25},"end":{"line":106,"column":53}},"28":{"start":{"line":107,"column":18},"end":{"line":107,"column":47}},"29":{"start":{"line":108,"column":20},"end":{"line":108,"column":37}},"30":{"start":{"line":110,"column":4},"end":{"line":114,"column":5}},"31":{"start":{"line":111,"column":6},"end":{"line":111,"column":37}},"32":{"start":{"line":113,"column":6},"end":{"line":113,"column":30}},"33":{"start":{"line":118,"column":27},"end":{"line":129,"column":3}},"34":{"start":{"line":119,"column":4},"end":{"line":128,"column":6}},"35":{"start":{"line":131,"column":2},"end":{"line":166,"column":4}},"36":{"start":{"line":160,"column":32},"end":{"line":160,"column":50}},"37":{"start":{"line":169,"column":15},"end":{"line":294,"column":2}}},"fnMap":{"0":{"name":"RoutesScreen","decl":{"start":{"line":7,"column":24},"end":{"line":7,"column":36}},"loc":{"start":{"line":7,"column":39},"end":{"line":167,"column":1}},"line":7},"1":{"name":"(anonymous_1)","decl":{"start":{"line":14,"column":12},"end":{"line":14,"column":13}},"loc":{"start":{"line":14,"column":18},"end":{"line":16,"column":3}},"line":14},"2":{"name":"(anonymous_2)","decl":{"start":{"line":19,"column":21},"end":{"line":19,"column":22}},"loc":{"start":{"line":19,"column":33},"end":{"line":30,"column":3}},"line":19},"3":{"name":"(anonymous_3)","decl":{"start":{"line":33,"column":27},"end":{"line":33,"column":28}},"loc":{"start":{"line":33,"column":40},"end":{"line":35,"column":3}},"line":33},"4":{"name":"(anonymous_4)","decl":{"start":{"line":38,"column":26},"end":{"line":38,"column":27}},"loc":{"start":{"line":38,"column":40},"end":{"line":100,"column":3}},"line":38},"5":{"name":"(anonymous_5)","decl":{"start":{"line":55,"column":17},"end":{"line":55,"column":18}},"loc":{"start":{"line":55,"column":23},"end":{"line":55,"column":48}},"line":55},"6":{"name":"(anonymous_6)","decl":{"start":{"line":103,"column":25},"end":{"line":103,"column":26}},"loc":{"start":{"line":103,"column":39},"end":{"line":115,"column":3}},"line":103},"7":{"name":"(anonymous_7)","decl":{"start":{"line":118,"column":27},"end":{"line":118,"column":28}},"loc":{"start":{"line":118,"column":33},"end":{"line":129,"column":3}},"line":118},"8":{"name":"(anonymous_8)","decl":{"start":{"line":160,"column":24},"end":{"line":160,"column":25}},"loc":{"start":{"line":160,"column":32},"end":{"line":160,"column":50}},"line":160}},"branchMap":{"0":{"loc":{"start":{"line":40,"column":26},"end":{"line":42,"column":27}},"type":"cond-expr","locations":[{"start":{"line":41,"column":8},"end":{"line":41,"column":39}},{"start":{"line":42,"column":8},"end":{"line":42,"column":27}}],"line":40},"1":{"loc":{"start":{"line":44,"column":24},"end":{"line":46,"column":25}},"type":"cond-expr","locations":[{"start":{"line":45,"column":8},"end":{"line":45,"column":37}},{"start":{"line":46,"column":8},"end":{"line":46,"column":25}}],"line":44},"2":{"loc":{"start":{"line":58,"column":42},"end":{"line":58,"column":70}},"type":"binary-expr","locations":[{"start":{"line":58,"column":42},"end":{"line":58,"column":51}},{"start":{"line":58,"column":55},"end":{"line":58,"column":70}}],"line":58},"3":{"loc":{"start":{"line":65,"column":11},"end":{"line":70,"column":11}},"type":"binary-expr","locations":[{"start":{"line":65,"column":11},"end":{"line":65,"column":24}},{"start":{"line":66,"column":12},"end":{"line":69,"column":19}}],"line":65},"4":{"loc":{"start":{"line":104,"column":4},"end":{"line":104,"column":36}},"type":"if","locations":[{"start":{"line":104,"column":4},"end":{"line":104,"column":36}},{"start":{},"end":{}}],"line":104},"5":{"loc":{"start":{"line":110,"column":4},"end":{"line":114,"column":5}},"type":"if","locations":[{"start":{"line":110,"column":4},"end":{"line":114,"column":5}},{"start":{"line":112,"column":11},"end":{"line":114,"column":5}}],"line":110},"6":{"loc":{"start":{"line":140,"column":7},"end":{"line":164,"column":7}},"type":"cond-expr","locations":[{"start":{"line":141,"column":8},"end":{"line":144,"column":15}},{"start":{"line":145,"column":10},"end":{"line":164,"column":7}}],"line":140},"7":{"loc":{"start":{"line":145,"column":10},"end":{"line":164,"column":7}},"type":"cond-expr","locations":[{"start":{"line":146,"column":8},"end":{"line":155,"column":15}},{"start":{"line":157,"column":8},"end":{"line":163,"column":10}}],"line":145},"8":{"loc":{"start":{"line":161,"column":33},"end":{"line":161,"column":73}},"type":"cond-expr","locations":[{"start":{"line":161,"column":55},"end":{"line":161,"column":66}},{"start":{"line":161,"column":69},"end":{"line":161,"column":73}}],"line":161}},"s":{"0":0,"1":0,"2":0,"3":0,"4":0,"5":0,"6":0,"7":0,"8":0,"9":0,"10":0,"11":0,"12":0,"13":0,"14":0,"15":0,"16":0,"17":0,"18":0,"19":0,"20":0,"21":0,"22":0,"23":0,"24":0,"25":0,"26":0,"27":0,"28":0,"29":0,"30":0,"31":0,"32":0,"33":0,"34":0,"35":0,"36":0,"37":0},"f":{"0":0,"1":0,"2":0,"3":0,"4":0,"5":0,"6":0,"7":0,"8":0},"b":{"0":[0,0],"1":[0,0],"2":[0,0],"3":[0,0],"4":[0,0],"5":[0,0],"6":[0,0],"7":[0,0],"8":[0,0]}}
,"/home/siduction/Projects/safetack_claude/safetack/app/(tabs)/settings.js": {"path":"/home/siduction/Projects/safetack_claude/safetack/app/(tabs)/settings.js","statementMap":{"0":{"start":{"line":22,"column":77},"end":{"line":22,"column":88}},"1":{"start":{"line":23,"column":47},"end":{"line":23,"column":56}},"2":{"start":{"line":24,"column":40},"end":{"line":24,"column":55}},"3":{"start":{"line":27,"column":34},"end":{"line":37,"column":4}},"4":{"start":{"line":40,"column":24},"end":{"line":49,"column":3}},"5":{"start":{"line":41,"column":4},"end":{"line":44,"column":7}},"6":{"start":{"line":48,"column":4},"end":{"line":48,"column":63}},"7":{"start":{"line":52,"column":32},"end":{"line":60,"column":3}},"8":{"start":{"line":53,"column":4},"end":{"line":56,"column":7}},"9":{"start":{"line":59,"column":4},"end":{"line":59,"column":58}},"10":{"start":{"line":63,"column":25},"end":{"line":89,"column":3}},"11":{"start":{"line":64,"column":4},"end":{"line":88,"column":5}},"12":{"start":{"line":65,"column":6},"end":{"line":65,"column":27}},"13":{"start":{"line":68,"column":29},"end":{"line":68,"column":58}},"14":{"start":{"line":69,"column":27},"end":{"line":69,"column":45}},"15":{"start":{"line":71,"column":6},"end":{"line":71,"column":28}},"16":{"start":{"line":73,"column":6},"end":{"line":83,"column":7}},"17":{"start":{"line":74,"column":8},"end":{"line":77,"column":10}},"18":{"start":{"line":79,"column":8},"end":{"line":82,"column":10}},"19":{"start":{"line":85,"column":6},"end":{"line":85,"column":50}},"20":{"start":{"line":86,"column":6},"end":{"line":86,"column":28}},"21":{"start":{"line":87,"column":6},"end":{"line":87,"column":50}},"22":{"start":{"line":92,"column":24},"end":{"line":103,"column":3}},"23":{"start":{"line":93,"column":4},"end":{"line":102,"column":5}},"24":{"start":{"line":94,"column":33},"end":{"line":94,"column":48}},"25":{"start":{"line":96,"column":6},"end":{"line":98,"column":7}},"26":{"start":{"line":97,"column":8},"end":{"line":97,"column":55}},"27":{"start":{"line":100,"column":6},"end":{"line":100,"column":49}},"28":{"start":{"line":101,"column":6},"end":{"line":101,"column":49}},"29":{"start":{"line":106,"column":26},"end":{"line":137,"column":3}},"30":{"start":{"line":107,"column":4},"end":{"line":136,"column":6}},"31":{"start":{"line":119,"column":12},"end":{"line":132,"column":13}},"32":{"start":{"line":122,"column":14},"end":{"line":122,"column":66}},"33":{"start":{"line":123,"column":14},"end":{"line":123,"column":71}},"34":{"start":{"line":124,"column":14},"end":{"line":124,"column":64}},"35":{"start":{"line":125,"column":14},"end":{"line":125,"column":69}},"36":{"start":{"line":126,"column":14},"end":{"line":126,"column":73}},"37":{"start":{"line":128,"column":14},"end":{"line":128,"column":66}},"38":{"start":{"line":130,"column":14},"end":{"line":130,"column":59}},"39":{"start":{"line":131,"column":14},"end":{"line":131,"column":59}},"40":{"start":{"line":139,"column":2},"end":{"line":537,"column":4}},"41":{"start":{"line":213,"column":31},"end":{"line":213,"column":81}},"42":{"start":{"line":225,"column":31},"end":{"line":225,"column":82}},"43":{"start":{"line":237,"column":31},"end":{"line":237,"column":82}},"44":{"start":{"line":260,"column":31},"end":{"line":260,"column":75}},"45":{"start":{"line":272,"column":31},"end":{"line":272,"column":75}},"46":{"start":{"line":284,"column":31},"end":{"line":284,"column":76}},"47":{"start":{"line":312,"column":31},"end":{"line":312,"column":60}},"48":{"start":{"line":324,"column":31},"end":{"line":324,"column":64}},"49":{"start":{"line":336,"column":31},"end":{"line":336,"column":59}},"50":{"start":{"line":355,"column":35},"end":{"line":355,"column":71}},"51":{"start":{"line":371,"column":35},"end":{"line":371,"column":68}},"52":{"start":{"line":392,"column":35},"end":{"line":392,"column":67}},"53":{"start":{"line":412,"column":31},"end":{"line":412,"column":79}},"54":{"start":{"line":424,"column":31},"end":{"line":424,"column":80}},"55":{"start":{"line":436,"column":31},"end":{"line":436,"column":80}},"56":{"start":{"line":513,"column":27},"end":{"line":513,"column":82}},"57":{"start":{"line":521,"column":27},"end":{"line":521,"column":80}},"58":{"start":{"line":529,"column":27},"end":{"line":529,"column":81}},"59":{"start":{"line":540,"column":15},"end":{"line":671,"column":2}}},"fnMap":{"0":{"name":"SettingsScreen","decl":{"start":{"line":21,"column":24},"end":{"line":21,"column":38}},"loc":{"start":{"line":21,"column":41},"end":{"line":538,"column":1}},"line":21},"1":{"name":"(anonymous_1)","decl":{"start":{"line":40,"column":24},"end":{"line":40,"column":25}},"loc":{"start":{"line":40,"column":33},"end":{"line":49,"column":3}},"line":40},"2":{"name":"(anonymous_2)","decl":{"start":{"line":52,"column":32},"end":{"line":52,"column":33}},"loc":{"start":{"line":52,"column":43},"end":{"line":60,"column":3}},"line":52},"3":{"name":"(anonymous_3)","decl":{"start":{"line":63,"column":25},"end":{"line":63,"column":26}},"loc":{"start":{"line":63,"column":37},"end":{"line":89,"column":3}},"line":63},"4":{"name":"(anonymous_4)","decl":{"start":{"line":92,"column":24},"end":{"line":92,"column":25}},"loc":{"start":{"line":92,"column":36},"end":{"line":103,"column":3}},"line":92},"5":{"name":"(anonymous_5)","decl":{"start":{"line":106,"column":26},"end":{"line":106,"column":27}},"loc":{"start":{"line":106,"column":32},"end":{"line":137,"column":3}},"line":106},"6":{"name":"(anonymous_6)","decl":{"start":{"line":118,"column":19},"end":{"line":118,"column":20}},"loc":{"start":{"line":118,"column":31},"end":{"line":133,"column":11}},"line":118},"7":{"name":"(anonymous_7)","decl":{"start":{"line":213,"column":25},"end":{"line":213,"column":26}},"loc":{"start":{"line":213,"column":31},"end":{"line":213,"column":81}},"line":213},"8":{"name":"(anonymous_8)","decl":{"start":{"line":225,"column":25},"end":{"line":225,"column":26}},"loc":{"start":{"line":225,"column":31},"end":{"line":225,"column":82}},"line":225},"9":{"name":"(anonymous_9)","decl":{"start":{"line":237,"column":25},"end":{"line":237,"column":26}},"loc":{"start":{"line":237,"column":31},"end":{"line":237,"column":82}},"line":237},"10":{"name":"(anonymous_10)","decl":{"start":{"line":260,"column":25},"end":{"line":260,"column":26}},"loc":{"start":{"line":260,"column":31},"end":{"line":260,"column":75}},"line":260},"11":{"name":"(anonymous_11)","decl":{"start":{"line":272,"column":25},"end":{"line":272,"column":26}},"loc":{"start":{"line":272,"column":31},"end":{"line":272,"column":75}},"line":272},"12":{"name":"(anonymous_12)","decl":{"start":{"line":284,"column":25},"end":{"line":284,"column":26}},"loc":{"start":{"line":284,"column":31},"end":{"line":284,"column":76}},"line":284},"13":{"name":"(anonymous_13)","decl":{"start":{"line":312,"column":25},"end":{"line":312,"column":26}},"loc":{"start":{"line":312,"column":31},"end":{"line":312,"column":60}},"line":312},"14":{"name":"(anonymous_14)","decl":{"start":{"line":324,"column":25},"end":{"line":324,"column":26}},"loc":{"start":{"line":324,"column":31},"end":{"line":324,"column":64}},"line":324},"15":{"name":"(anonymous_15)","decl":{"start":{"line":336,"column":25},"end":{"line":336,"column":26}},"loc":{"start":{"line":336,"column":31},"end":{"line":336,"column":59}},"line":336},"16":{"name":"(anonymous_16)","decl":{"start":{"line":355,"column":29},"end":{"line":355,"column":30}},"loc":{"start":{"line":355,"column":35},"end":{"line":355,"column":71}},"line":355},"17":{"name":"(anonymous_17)","decl":{"start":{"line":371,"column":29},"end":{"line":371,"column":30}},"loc":{"start":{"line":371,"column":35},"end":{"line":371,"column":68}},"line":371},"18":{"name":"(anonymous_18)","decl":{"start":{"line":392,"column":29},"end":{"line":392,"column":30}},"loc":{"start":{"line":392,"column":35},"end":{"line":392,"column":67}},"line":392},"19":{"name":"(anonymous_19)","decl":{"start":{"line":412,"column":25},"end":{"line":412,"column":26}},"loc":{"start":{"line":412,"column":31},"end":{"line":412,"column":79}},"line":412},"20":{"name":"(anonymous_20)","decl":{"start":{"line":424,"column":25},"end":{"line":424,"column":26}},"loc":{"start":{"line":424,"column":31},"end":{"line":424,"column":80}},"line":424},"21":{"name":"(anonymous_21)","decl":{"start":{"line":436,"column":25},"end":{"line":436,"column":26}},"loc":{"start":{"line":436,"column":31},"end":{"line":436,"column":80}},"line":436},"22":{"name":"(anonymous_22)","decl":{"start":{"line":513,"column":21},"end":{"line":513,"column":22}},"loc":{"start":{"line":513,"column":27},"end":{"line":513,"column":82}},"line":513},"23":{"name":"(anonymous_23)","decl":{"start":{"line":521,"column":21},"end":{"line":521,"column":22}},"loc":{"start":{"line":521,"column":27},"end":{"line":521,"column":80}},"line":521},"24":{"name":"(anonymous_24)","decl":{"start":{"line":529,"column":21},"end":{"line":529,"column":22}},"loc":{"start":{"line":529,"column":27},"end":{"line":529,"column":81}},"line":529}},"branchMap":{"0":{"loc":{"start":{"line":73,"column":6},"end":{"line":83,"column":7}},"type":"if","locations":[{"start":{"line":73,"column":6},"end":{"line":83,"column":7}},{"start":{"line":78,"column":13},"end":{"line":83,"column":7}}],"line":73},"1":{"loc":{"start":{"line":73,"column":10},"end":{"line":73,"column":56}},"type":"binary-expr","locations":[{"start":{"line":73,"column":10},"end":{"line":73,"column":32}},{"start":{"line":73,"column":36},"end":{"line":73,"column":56}}],"line":73},"2":{"loc":{"start":{"line":96,"column":6},"end":{"line":98,"column":7}},"type":"if","locations":[{"start":{"line":96,"column":6},"end":{"line":98,"column":7}},{"start":{},"end":{}}],"line":96},"3":{"loc":{"start":{"line":97,"column":14},"end":{"line":97,"column":54}},"type":"binary-expr","locations":[{"start":{"line":97,"column":14},"end":{"line":97,"column":19}},{"start":{"line":97,"column":23},"end":{"line":97,"column":54}}],"line":97},"4":{"loc":{"start":{"line":159,"column":15},"end":{"line":168,"column":15}},"type":"cond-expr","locations":[{"start":{"line":160,"column":16},"end":{"line":160,"column":78}},{"start":{"line":162,"column":16},"end":{"line":167,"column":35}}],"line":159},"5":{"loc":{"start":{"line":159,"column":15},"end":{"line":159,"column":79}},"type":"binary-expr","locations":[{"start":{"line":159,"column":15},"end":{"line":159,"column":45}},{"start":{"line":159,"column":49},"end":{"line":159,"column":79}}],"line":159},"6":{"loc":{"start":{"line":181,"column":15},"end":{"line":190,"column":15}},"type":"cond-expr","locations":[{"start":{"line":182,"column":16},"end":{"line":182,"column":78}},{"start":{"line":184,"column":16},"end":{"line":189,"column":35}}],"line":181},"7":{"loc":{"start":{"line":211,"column":18},"end":{"line":211,"column":76}},"type":"binary-expr","locations":[{"start":{"line":211,"column":18},"end":{"line":211,"column":52}},{"start":{"line":211,"column":56},"end":{"line":211,"column":76}}],"line":211},"8":{"loc":{"start":{"line":215,"column":29},"end":{"line":215,"column":109}},"type":"cond-expr","locations":[{"start":{"line":215,"column":66},"end":{"line":215,"column":90}},{"start":{"line":215,"column":93},"end":{"line":215,"column":109}}],"line":215},"9":{"loc":{"start":{"line":223,"column":18},"end":{"line":223,"column":77}},"type":"binary-expr","locations":[{"start":{"line":223,"column":18},"end":{"line":223,"column":53}},{"start":{"line":223,"column":57},"end":{"line":223,"column":77}}],"line":223},"10":{"loc":{"start":{"line":227,"column":29},"end":{"line":227,"column":110}},"type":"cond-expr","locations":[{"start":{"line":227,"column":67},"end":{"line":227,"column":91}},{"start":{"line":227,"column":94},"end":{"line":227,"column":110}}],"line":227},"11":{"loc":{"start":{"line":235,"column":18},"end":{"line":235,"column":77}},"type":"binary-expr","locations":[{"start":{"line":235,"column":18},"end":{"line":235,"column":53}},{"start":{"line":235,"column":57},"end":{"line":235,"column":77}}],"line":235},"12":{"loc":{"start":{"line":239,"column":29},"end":{"line":239,"column":110}},"type":"cond-expr","locations":[{"start":{"line":239,"column":67},"end":{"line":239,"column":91}},{"start":{"line":239,"column":94},"end":{"line":239,"column":110}}],"line":239},"13":{"loc":{"start":{"line":258,"column":18},"end":{"line":258,"column":70}},"type":"binary-expr","locations":[{"start":{"line":258,"column":18},"end":{"line":258,"column":46}},{"start":{"line":258,"column":50},"end":{"line":258,"column":70}}],"line":258},"14":{"loc":{"start":{"line":262,"column":29},"end":{"line":262,"column":103}},"type":"cond-expr","locations":[{"start":{"line":262,"column":60},"end":{"line":262,"column":84}},{"start":{"line":262,"column":87},"end":{"line":262,"column":103}}],"line":262},"15":{"loc":{"start":{"line":270,"column":18},"end":{"line":270,"column":70}},"type":"binary-expr","locations":[{"start":{"line":270,"column":18},"end":{"line":270,"column":46}},{"start":{"line":270,"column":50},"end":{"line":270,"column":70}}],"line":270},"16":{"loc":{"start":{"line":274,"column":29},"end":{"line":274,"column":103}},"type":"cond-expr","locations":[{"start":{"line":274,"column":60},"end":{"line":274,"column":84}},{"start":{"line":274,"column":87},"end":{"line":274,"column":103}}],"line":274},"17":{"loc":{"start":{"line":282,"column":18},"end":{"line":282,"column":71}},"type":"binary-expr","locations":[{"start":{"line":282,"column":18},"end":{"line":282,"column":47}},{"start":{"line":282,"column":51},"end":{"line":282,"column":71}}],"line":282},"18":{"loc":{"start":{"line":286,"column":29},"end":{"line":286,"column":104}},"type":"cond-expr","locations":[{"start":{"line":286,"column":61},"end":{"line":286,"column":85}},{"start":{"line":286,"column":88},"end":{"line":286,"column":104}}],"line":286},"19":{"loc":{"start":{"line":310,"column":18},"end":{"line":310,"column":79}},"type":"binary-expr","locations":[{"start":{"line":310,"column":18},"end":{"line":310,"column":55}},{"start":{"line":310,"column":59},"end":{"line":310,"column":79}}],"line":310},"20":{"loc":{"start":{"line
[...]
{"line":133,"column":12},"end":{"line":136,"column":15}},"56":{"start":{"line":140,"column":8},"end":{"line":140,"column":58}},"57":{"start":{"line":144,"column":4},"end":{"line":144,"column":20}},"58":{"start":{"line":148,"column":32},"end":{"line":162,"column":3}},"59":{"start":{"line":149,"column":4},"end":{"line":149,"column":38}},"60":{"start":{"line":149,"column":26},"end":{"line":149,"column":38}},"61":{"start":{"line":151,"column":4},"end":{"line":161,"column":6}},"62":{"start":{"line":165,"column":39},"end":{"line":179,"column":3}},"63":{"start":{"line":166,"column":4},"end":{"line":166,"column":38}},"64":{"start":{"line":166,"column":26},"end":{"line":166,"column":38}},"65":{"start":{"line":168,"column":4},"end":{"line":178,"column":6}},"66":{"start":{"line":181,"column":2},"end":{"line":187,"column":3}},"67":{"start":{"line":182,"column":4},"end":{"line":186,"column":6}},"68":{"start":{"line":189,"column":2},"end":{"line":224,"column":4}},"69":{"start":{"line":227,"column":15},"end":{"line":238,"column":2}}},"fnMap":{"0":{"name":"SafetyMap","decl":{"start":{"line":12,"column":24},"end":{"line":12,"column":33}},"loc":{"start":{"line":12,"column":91},"end":{"line":225,"column":1}},"line":12},"1":{"name":"(anonymous_1)","decl":{"start":{"line":23,"column":12},"end":{"line":23,"column":13}},"loc":{"start":{"line":23,"column":18},"end":{"line":60,"column":3}},"line":23},"2":{"name":"(anonymous_2)","decl":{"start":{"line":24,"column":31},"end":{"line":24,"column":32}},"loc":{"start":{"line":24,"column":43},"end":{"line":57,"column":5}},"line":24},"3":{"name":"(anonymous_3)","decl":{"start":{"line":63,"column":12},"end":{"line":63,"column":13}},"loc":{"start":{"line":63,"column":18},"end":{"line":103,"column":3}},"line":63},"4":{"name":"(anonymous_4)","decl":{"start":{"line":67,"column":34},"end":{"line":67,"column":35}},"loc":{"start":{"line":67,"column":46},"end":{"line":93,"column":7}},"line":67},"5":{"name":"(anonymous_5)","decl":{"start":{"line":74,"column":10},"end":{"line":74,"column":11}},"loc":{"start":{"line":74,"column":24},"end":{"line":91,"column":11}},"line":74},"6":{"name":"(anonymous_6)","decl":{"start":{"line":98,"column":11},"end":{"line":98,"column":12}},"loc":{"start":{"line":98,"column":17},"end":{"line":102,"column":5}},"line":98},"7":{"name":"(anonymous_7)","decl":{"start":{"line":106,"column":12},"end":{"line":106,"column":13}},"loc":{"start":{"line":106,"column":18},"end":{"line":145,"column":3}},"line":106},"8":{"name":"(anonymous_8)","decl":{"start":{"line":107,"column":26},"end":{"line":107,"column":27}},"loc":{"start":{"line":107,"column":38},"end":{"line":142,"column":5}},"line":107},"9":{"name":"(anonymous_9)","decl":{"start":{"line":124,"column":41},"end":{"line":124,"column":42}},"loc":{"start":{"line":124,"column":51},"end":{"line":127,"column":11}},"line":124},"10":{"name":"(anonymous_10)","decl":{"start":{"line":148,"column":32},"end":{"line":148,"column":33}},"loc":{"start":{"line":148,"column":38},"end":{"line":162,"column":3}},"line":148},"11":{"name":"(anonymous_11)","decl":{"start":{"line":165,"column":39},"end":{"line":165,"column":40}},"loc":{"start":{"line":165,"column":45},"end":{"line":179,"column":3}},"line":165}},"branchMap":{"0":{"loc":{"start":{"line":12,"column":43},"end":{"line":12,"column":69}},"type":"default-arg","locations":[{"start":{"line":12,"column":65},"end":{"line":12,"column":69}}],"line":12},"1":{"loc":{"start":{"line":12,"column":71},"end":{"line":12,"column":87}},"type":"default-arg","locations":[{"start":{"line":12,"column":83},"end":{"line":12,"column":87}}],"line":12},"2":{"loc":{"start":{"line":28,"column":8},"end":{"line":32,"column":9}},"type":"if","locations":[{"start":{"line":28,"column":8},"end":{"line":32,"column":9}},{"start":{},"end":{}}],"line":28},"3":{"loc":{"start":{"line":66,"column":4},"end":{"line":96,"column":5}},"type":"if","locations":[{"start":{"line":66,"column":4},"end":{"line":96,"column":5}},{"start":{},"end":{}}],"line":66},"4":{"loc":{"start":{"line":66,"column":8},"end":{"line":66,"column":41}},"type":"binary-expr","locations":[{"start":{"line":66,"column":8},"end":{"line":66,"column":27}},{"start":{"line":66,"column":31},"end":{"line":66,"column":41}}],"line":66},"5":{"loc":{"start":{"line":83,"column":12},"end":{"line":90,"column":13}},"type":"if","locations":[{"start":{"line":83,"column":12},"end":{"line":90,"column":13}},{"start":{},"end":{}}],"line":83},"6":{"loc":{"start":{"line":99,"column":6},"end":{"line":101,"column":7}},"type":"if","locations":[{"start":{"line":99,"column":6},"end":{"line":101,"column":7}},{"start":{},"end":{}}],"line":99},"7":{"loc":{"start":{"line":108,"column":6},"end":{"line":108,"column":29}},"type":"if","locations":[{"start":{"line":108,"column":6},"end":{"line":108,"column":29}},{"start":{},"end":{}}],"line":108},"8":{"loc":{"start":{"line":113,"column":8},"end":{"line":119,"column":9}},"type":"if","locations":[{"start":{"line":113,"column":8},"end":{"line":119,"column":9}},{"start":{"line":116,"column":15},"end":{"line":119,"column":9}}],"line":113},"9":{"loc":{"start":{"line":116,"column":15},"end":{"line":119,"column":9}},"type":"if","locations":[{"start":{"line":116,"column":15},"end":{"line":119,"column":9}},{"start":{},"end":{}}],"line":116},"10":{"loc":{"start":{"line":121,"column":8},"end":{"line":138,"column":9}},"type":"if","locations":[{"start":{"line":121,"column":8},"end":{"line":138,"column":9}},{"start":{},"end":{}}],"line":121},"11":{"loc":{"start":{"line":121,"column":12},"end":{"line":121,"column":39}},"type":"binary-expr","locations":[{"start":{"line":121,"column":12},"end":{"line":121,"column":18}},{"start":{"line":121,"column":22},"end":{"line":121,"column":39}}],"line":121},"12":{"loc":{"start":{"line":132,"column":10},"end":{"line":137,"column":11}},"type":"if","locations":[{"start":{"line":132,"column":10},"end":{"line":137,"column":11}},{"start":{},"end":{}}],"line":132},"13":{"loc":{"start":{"line":132,"column":14},"end":{"line":132,"column":54}},"type":"binary-expr","locations":[{"start":{"line":132,"column":14},"end":{"line":132,"column":28}},{"start":{"line":132,"column":32},"end":{"line":132,"column":54}}],"line":132},"14":{"loc":{"start":{"line":149,"column":4},"end":{"line":149,"column":38}},"type":"if","locations":[{"start":{"line":149,"column":4},"end":{"line":149,"column":38}},{"start":{},"end":{}}],"line":149},"15":{"loc":{"start":{"line":166,"column":4},"end":{"line":166,"column":38}},"type":"if","locations":[{"start":{"line":166,"column":4},"end":{"line":166,"column":38}},{"start":{},"end":{}}],"line":166},"16":{"loc":{"start":{"line":181,"column":2},"end":{"line":187,"column":3}},"type":"if","locations":[{"start":{"line":181,"column":2},"end":{"line":187,"column":3}},{"start":{},"end":{}}],"line":181},"17":{"loc":{"start":{"line":191,"column":7},"end":{"line":222,"column":7}},"type":"binary-expr","locations":[{"start":{"line":191,"column":7},"end":{"line":191,"column":13}},{"start":{"line":192,"column":8},"end":{"line":221,"column":18}}],"line":191},"18":{"loc":{"start":{"line":202,"column":11},"end":{"line":208,"column":11}},"type":"binary-expr","locations":[{"start":{"line":202,"column":11},"end":{"line":202,"column":38}},{"start":{"line":203,"column":12},"end":{"line":207,"column":14}}],"line":202},"19":{"loc":{"start":{"line":211,"column":11},"end":{"line":216,"column":11}},"type":"binary-expr","locations":[{"start":{"line":211,"column":11},"end":{"line":211,"column":26}},{"start":{"line":211,"column":30},"end":{"line":211,"column":50}},{"start":{"line":212,"column":12},"end":{"line":215,"column":14}}],"line":211}},"s":{"0":0,"1":0,"2":0,"3":0,"4":0,"5":0,"6":0,"7":0,"8":0,"9":0,"10":0,"11":0,"12":0,"13":0,"14":0,"15":0,"16":0,"17":0,"18":0,"19":0,"20":0,"21":0,"22":0,"23":0,"24":0,"25":0,"26":0,"27":0,"28":0,"29":0,"30":0,"31":0,"32":0,"33":0,"34":0,"35":0,"36":0,"37":0,"38":0,"39":0,"40":0,"41":0,"42":0,"43":0,"44":0,"45":0,"46":0,"47":0,"48":0,"49":0,"50":0,"51":0,"52":0,"53":0,"54":0,"55":0,"56":0,"57":0,"58":0,"59":0,"60":0,"61":0,"62":0,"63":0,"64":0,"65":0,"66":0,"67":0,"68":0,"69":0},"f":{"0":0,"1":0,"2":0,"3":0,"4":0,"5":0,"6":0,"7":0,"8":0,"9":0,"10":0,"11":0},"b":{"0":[0],"1":[0],"2":[0,0],"3":[0,0],"4":[0,0],"5":[0,0],"6":[0,0],"7":[0,0],"8":[0,0],"9":[0,0],"10":[0,0],"11":[0,0],"12":[0,0],"13":[0,0],"14":[0,0],"15":[0,0],"16":[0,0],"17":[0,0],"18":[0,0],"19":[0,0,0]}}
,"/home/siduction/Projects/safetack_claude/safetack/components/SafetyStatus.js": {"path":"/home/siduction/Projects/safetack_claude/safetack/components/SafetyStatus.js","statementMap":{"0":{"start":{"line":15,"column":6},"end":{"line":15,"column":17}},"1":{"start":{"line":18,"column":29},"end":{"line":30,"column":3}},"2":{"start":{"line":19,"column":4},"end":{"line":19,"column":37}},"3":{"start":{"line":19,"column":25},"end":{"line":19,"column":37}},"4":{"start":{"line":21,"column":21},"end":{"line":21,"column":58}},"5":{"start":{"line":22,"column":20},"end":{"line":22,"column":48}},"6":{"start":{"line":23,"column":18},"end":{"line":23,"column":42}},"7":{"start":{"line":25,"column":4},"end":{"line":29,"column":5}},"8":{"start":{"line":26,"column":6},"end":{"line":26,"column":42}},"9":{"start":{"line":28,"column":6},"end":{"line":28,"column":27}},"10":{"start":{"line":33,"column":31},"end":{"line":39,"column":3}},"11":{"start":{"line":34,"column":4},"end":{"line":38,"column":5}},"12":{"start":{"line":35,"column":6},"end":{"line":35,"column":27}},"13":{"start":{"line":37,"column":6},"end":{"line":37,"column":28}},"14":{"start":{"line":41,"column":2},"end":{"line":116,"column":4}},"15":{"start":{"line":119,"column":15},"end":{"line":197,"column":2}}},"fnMap":{"0":{"name":"SafetyStatus","decl":{"start":{"line":6,"column":24},"end":{"line":6,"column":36}},"loc":{"start":{"line":6,"column":39},"end":{"line":117,"column":1}},"line":6},"1":{"name":"(anonymous_1)","decl":{"start":{"line":18,"column":29},"end":{"line":18,"column":30}},"loc":{"start":{"line":18,"column":35},"end":{"line":30,"column":3}},"line":18},"2":{"name":"(anonymous_2)","decl":{"start":{"line":33,"column":31},"end":{"line":33,"column":32}},"loc":{"start":{"line":33,"column":43},"end":{"line":39,"column":3}},"line":33}},"branchMap":{"0":{"loc":{"start":{"line":19,"column":4},"end":{"line":19,"column":37}},"type":"if","locations":[{"start":{"line":19,"column":4},"end":{"line":19,"column":37}},{"start":{},"end":{}}],"line":19},"1":{"loc":{"start":{"line":25,"column":4},"end":{"line":29,"column":5}},"type":"if","locations":[{"start":{"line":25,"column":4},"end":{"line":29,"column":5}},{"start":{"line":27,"column":11},"end":{"line":29,"column":5}}],"line":25},"2":{"loc":{"start":{"line":34,"column":4},"end":{"line":38,"column":5}},"type":"if","locations":[{"start":{"line":34,"column":4},"end":{"line":38,"column":5}},{"start":{"line":36,"column":11},"end":{"line":38,"column":5}}],"line":34},"3":{"loc":{"start":{"line":48,"column":29},"end":{"line":50,"column":25}},"type":"cond-expr","locations":[{"start":{"line":49,"column":17},"end":{"line":49,"column":56}},{"start":{"line":50,"column":16},"end":{"line":50,"column":25}}],"line":48},"4":{"loc":{"start":{"line":49,"column":17},"end":{"line":49,"column":56}},"type":"cond-expr","locations":[{"start":{"line":49,"column":35},"end":{"line":49,"column":44}},{"start":{"line":49,"column":47},"end":{"line":49,"column":56}}],"line":49},"5":{"loc":{"start":{"line":55,"column":11},"end":{"line":59,"column":35}},"type":"cond-expr","locations":[{"start":{"line":56,"column":15},"end":{"line":58,"column":39}},{"start":{"line":59,"column":14},"end":{"line":59,"column":35}}],"line":55},"6":{"loc":{"start":{"line":56,"column":15},"end":{"line":58,"column":39}},"type":"cond-expr","locations":[{"start":{"line":57,"column":18},"end":{"line":57,"column":38}},{"start":{"line":58,"column":18},"end":{"line":58,"column":39}}],"line":56},"7":{"loc":{"start":{"line":64,"column":7},"end":{"line":71,"column":7}},"type":"binary-expr","locations":[{"start":{"line":64,"column":7},"end":{"line":64,"column":17}},{"start":{"line":64,"column":21},"end":{"line":64,"column":35}},{"start":{"line":65,"column":8},"end":{"line":70,"column":15}}],"line":64},"8":{"loc":{"start":{"line":74,"column":7},"end":{"line":81,"column":7}},"type":"binary-expr","locations":[{"start":{"line":74,"column":7},"end":{"line":74,"column":22}},{"start":{"line":75,"column":8},"end":{"line":80,"column":15}}],"line":74},"9":{"loc":{"start":{"line":84,"column":7},"end":{"line":89,"column":7}},"type":"binary-expr","locations":[{"start":{"line":84,"column":7},"end":{"line":84,"column":12}},{"start":{"line":85,"column":8},"end":{"line":88,"column":15}}],"line":84},"10":{"loc":{"start":{"line":95,"column":29},"end":{"line":95,"column":63}},"type":"cond-expr","locations":[{"start":{"line":95,"column":42},"end":{"line":95,"column":51}},{"start":{"line":95,"column":54},"end":{"line":95,"column":63}}],"line":95},"11":{"loc":{"start":{"line":100,"column":9},"end":{"line":113,"column":9}},"type":"cond-expr","locations":[{"start":{"line":101,"column":10},"end":{"line":101,"column":44}},{"start":{"line":103,"column":10},"end":{"line":112,"column":13}}],"line":100},"12":{"loc":{"start":{"line":105,"column":20},"end":{"line":105,"column":78}},"type":"cond-expr","locations":[{"start":{"line":105,"column":33},"end":{"line":105,"column":54}},{"start":{"line":105,"column":57},"end":{"line":105,"column":78}}],"line":105},"13":{"loc":{"start":{"line":110,"column":15},"end":{"line":110,"column":66}},"type":"cond-expr","locations":[{"start":{"line":110,"column":28},"end":{"line":110,"column":45}},{"start":{"line":110,"column":48},"end":{"line":110,"column":66}}],"line":110}},"s":{"0":2,"1":2,"2":0,"3":0,"4":0,"5":0,"6":0,"7":0,"8":0,"9":0,"10":2,"11":1,"12":0,"13":1,"14":2,"15":1},"f":{"0":2,"1":0,"2":1},"b":{"0":[0,0],"1":[0,0],"2":[0,1],"3":[0,2],"4":[0,0],"5":[0,2],"6":[0,0],"7":[2,0,0],"8":[2,0],"9":[2,0],"10":[0,2],"11":[0,2],"12":[0,2],"13":[0,2]},"_coverageSchema":"1a1c01bbd47fc00a2c39e90264f33305004495a9","hash":"0f5979bb5af863b4c9824c872fdb0ed811b0055a"}
,"/home/siduction/Projects/safetack_claude/safetack/scripts/reset-project.js": {"path":"/home/siduction/Projects/safetack_claude/safetack/scripts/reset-project.js","statementMap":{"0":{"start":{"line":9,"column":11},"end":{"line":9,"column":24}},"1":{"start":{"line":10,"column":13},"end":{"line":10,"column":28}},"2":{"start":{"line":11,"column":17},"end":{"line":11,"column":36}},"3":{"start":{"line":13,"column":13},"end":{"line":13,"column":26}},"4":{"start":{"line":14,"column":16},"end":{"line":14,"column":70}},"5":{"start":{"line":15,"column":19},"end":{"line":15,"column":32}},"6":{"start":{"line":16,"column":18},"end":{"line":16,"column":23}},"7":{"start":{"line":17,"column":23},"end":{"line":17,"column":50}},"8":{"start":{"line":19,"column":21},"end":{"line":34,"column":1}},"9":{"start":{"line":36,"column":22},"end":{"line":41,"column":1}},"10":{"start":{"line":43,"column":11},"end":{"line":46,"column":2}},"11":{"start":{"line":48,"column":24},"end":{"line":99,"column":1}},"12":{"start":{"line":49,"column":2},"end":{"line":98,"column":3}},"13":{"start":{"line":50,"column":4},"end":{"line":54,"column":5}},"14":{"start":{"line":52,"column":6},"end":{"line":52,"column":67}},"15":{"start":{"line":53,"column":6},"end":{"line":53,"column":58}},"16":{"start":{"line":57,"column":4},"end":{"line":71,"column":5}},"17":{"start":{"line":58,"column":25},"end":{"line":58,"column":45}},"18":{"start":{"line":59,"column":6},"end":{"line":70,"column":7}},"19":{"start":{"line":60,"column":8},"end":{"line":67,"column":9}},"20":{"start":{"line":61,"column":29},"end":{"line":61,"column":61}},"21":{"start":{"line":62,"column":10},"end":{"line":62,"column":59}},"22":{"start":{"line":63,"column":10},"end":{"line":63,"column":68}},"23":{"start":{"line":65,"column":10},"end":{"line":65,"column":77}},"24":{"start":{"line":66,"column":10},"end":{"line":66,"column":44}},"25":{"start":{"line":69,"column":8},"end":{"line":69,"column":60}},"26":{"start":{"line":74,"column":26},"end":{"line":74,"column":52}},"27":{"start":{"line":75,"column":4},"end":{"line":75,"column":64}},"28":{"start":{"line":76,"column":4},"end":{"line":76,"column":52}},"29":{"start":{"line":79,"column":22},"end":{"line":79,"column":59}},"30":{"start":{"line":80,"column":4},"end":{"line":80,"column":57}},"31":{"start":{"line":81,"column":4},"end":{"line":81,"column":45}},"32":{"start":{"line":84,"column":23},"end":{"line":84,"column":62}},"33":{"start":{"line":85,"column":4},"end":{"line":85,"column":59}},"34":{"start":{"line":86,"column":4},"end":{"line":86,"column":47}},"35":{"start":{"line":88,"column":4},"end":{"line":88,"column":59}},"36":{"start":{"line":89,"column":4},"end":{"line":95,"column":6}},"37":{"start":{"line":97,"column":4},"end":{"line":97,"column":71}},"38":{"start":{"line":101,"column":0},"end":{"line":112,"column":2}},"39":{"start":{"line":104,"column":22},"end":{"line":104,"column":56}},"40":{"start":{"line":105,"column":4},"end":{"line":110,"column":5}},"41":{"start":{"line":106,"column":6},"end":{"line":106,"column":59}},"42":{"start":{"line":106,"column":47},"end":{"line":106,"column":57}},"43":{"start":{"line":108,"column":6},"end":{"line":108,"column":63}},"44":{"start":{"line":109,"column":6},"end":{"line":109,"column":17}}},"fnMap":{"0":{"name":"(anonymous_0)","decl":{"start":{"line":48,"column":24},"end":{"line":48,"column":25}},"loc":{"start":{"line":48,"column":45},"end":{"line":99,"column":1}},"line":48},"1":{"name":"(anonymous_1)","decl":{"start":{"line":103,"column":2},"end":{"line":103,"column":3}},"loc":{"start":{"line":103,"column":14},"end":{"line":111,"column":3}},"line":103},"2":{"name":"(anonymous_2)","decl":{"start":{"line":106,"column":41},"end":{"line":106,"column":42}},"loc":{"start":{"line":106,"column":47},"end":{"line":106,"column":57}},"line":106}},"branchMap":{"0":{"loc":{"start":{"line":50,"column":4},"end":{"line":54,"column":5}},"type":"if","locations":[{"start":{"line":50,"column":4},"end":{"line":54,"column":5}},{"start":{},"end":{}}],"line":50},"1":{"loc":{"start":{"line":59,"column":6},"end":{"line":70,"column":7}},"type":"if","locations":[{"start":{"line":59,"column":6},"end":{"line":70,"column":7}},{"start":{"line":68,"column":13},"end":{"line":70,"column":7}}],"line":59},"2":{"loc":{"start":{"line":60,"column":8},"end":{"line":67,"column":9}},"type":"if","locations":[{"start":{"line":60,"column":8},"end":{"line":67,"column":9}},{"start":{"line":64,"column":15},"end":{"line":67,"column":9}}],"line":60},"3":{"loc":{"start":{"line":91,"column":8},"end":{"line":93,"column":14}},"type":"cond-expr","locations":[{"start":{"line":92,"column":12},"end":{"line":92,"column":87}},{"start":{"line":93,"column":12},"end":{"line":93,"column":14}}],"line":91},"4":{"loc":{"start":{"line":104,"column":22},"end":{"line":104,"column":56}},"type":"binary-expr","locations":[{"start":{"line":104,"column":22},"end":{"line":104,"column":49}},{"start":{"line":104,"column":53},"end":{"line":104,"column":56}}],"line":104},"5":{"loc":{"start":{"line":105,"column":4},"end":{"line":110,"column":5}},"type":"if","locations":[{"start":{"line":105,"column":4},"end":{"line":110,"column":5}},{"start":{"line":107,"column":11},"end":{"line":110,"column":5}}],"line":105},"6":{"loc":{"start":{"line":105,"column":8},"end":{"line":105,"column":46}},"type":"binary-expr","locations":[{"start":{"line":105,"column":8},"end":{"line":105,"column":25}},{"start":{"line":105,"column":29},"end":{"line":105,"column":46}}],"line":105}},"s":{"0":0,"1":0,"2":0,"3":0,"4":0,"5":0,"6":0,"7":0,"8":0,"9":0,"10":0,"11":0,"12":0,"13":0,"14":0,"15":0,"16":0,"17":0,"18":0,"19":0,"20":0,"21":0,"22":0,"23":0,"24":0,"25":0,"26":0,"27":0,"28":0,"29":0,"30":0,"31":0,"32":0,"33":0,"34":0,"35":0,"36":0,"37":0,"38":0,"39":0,"40":0,"41":0,"42":0,"43":0,"44":0},"f":{"0":0,"1":0,"2":0},"b":{"0":[0,0],"1":[0,0],"2":[0,0],"3":[0,0],"4":[0,0],"5":[0,0],"6":[0,0]}}
}
