TN:
SF:app/auth.js
FN:3,Auth
FNF:1
FNH:0
FNDA:0,Auth
DA:4,0
LF:1
LH:0
BRF:0
BRH:0
end_of_record
TN:
SF:app/contacts.js
FN:17,ContactsScreen
FN:33,(anonymous_1)
FN:38,(anonymous_2)
FN:55,(anonymous_3)
FN:67,(anonymous_4)
FN:79,(anonymous_5)
FN:124,(anonymous_6)
FN:136,(anonymous_7)
FN:154,(anonymous_8)
FN:203,(anonymous_9)
FN:210,(anonymous_10)
FN:220,(anonymous_11)
FN:264,(anonymous_12)
FN:274,(anonymous_13)
FN:283,(anonymous_14)
FNF:15
FNH:0
FNDA:0,ContactsScreen
FNDA:0,(anonymous_1)
FNDA:0,(anonymous_2)
FNDA:0,(anonymous_3)
FNDA:0,(anonymous_4)
FNDA:0,(anonymous_5)
FNDA:0,(anonymous_6)
FNDA:0,(anonymous_7)
FNDA:0,(anonymous_8)
FNDA:0,(anonymous_9)
FNDA:0,(anonymous_10)
FNDA:0,(anonymous_11)
FNDA:0,(anonymous_12)
FNDA:0,(anonymous_13)
FNDA:0,(anonymous_14)
DA:18,0
DA:19,0
DA:20,0
DA:21,0
DA:22,0
DA:25,0
DA:26,0
DA:27,0
DA:28,0
DA:29,0
DA:30,0
DA:33,0
DA:34,0
DA:38,0
DA:39,0
DA:40,0
DA:41,0
DA:43,0
DA:44,0
DA:46,0
DA:48,0
DA:49,0
DA:50,0
DA:55,0
DA:56,0
DA:57,0
DA:58,0
DA:59,0
DA:60,0
DA:61,0
DA:62,0
DA:63,0
DA:67,0
DA:68,0
DA:69,0
DA:70,0
DA:71,0
DA:72,0
DA:73,0
DA:74,0
DA:75,0
DA:79,0
DA:80,0
DA:82,0
DA:83,0
DA:84,0
DA:87,0
DA:88,0
DA:89,0
DA:92,0
DA:101,0
DA:103,0
DA:105,0
DA:108,0
DA:112,0
DA:114,0
DA:115,0
DA:117,0
DA:118,0
DA:119,0
DA:124,0
DA:125,0
DA:137,0
DA:138,0
DA:139,0
DA:140,0
DA:141,0
DA:143,0
DA:144,0
DA:145,0
DA:154,0
DA:155,0
DA:203,0
DA:210,0
DA:220,0
DA:221,0
DA:232,0
DA:264,0
DA:274,0
DA:283,0
DA:373,0
LF:81
LH:0
BRDA:70,0,0,0
BRDA:70,0,1,0
BRDA:71,1,0,0
BRDA:71,1,1,0
BRDA:72,2,0,0
BRDA:72,2,1,0
BRDA:82,3,0,0
BRDA:82,3,1,0
BRDA:87,4,0,0
BRDA:87,4,1,0
BRDA:87,5,0,0
BRDA:87,5,1,0
BRDA:94,6,0,0
BRDA:94,6,1,0
BRDA:95,7,0,0
BRDA:95,7,1,0
BRDA:96,8,0,0
BRDA:96,8,1,0
BRDA:97,9,0,0
BRDA:97,9,1,0
BRDA:103,10,0,0
BRDA:103,10,1,0
BRDA:161,11,0,0
BRDA:161,11,1,0
BRDA:165,12,0,0
BRDA:165,12,1,0
BRDA:167,13,0,0
BRDA:167,13,1,0
BRDA:173,14,0,0
BRDA:173,14,1,0
BRDA:180,15,0,0
BRDA:180,15,1,0
BRDA:187,16,0,0
BRDA:187,16,1,0
BRDA:244,17,0,0
BRDA:244,17,1,0
BRDA:244,18,0,0
BRDA:244,18,1,0
BRDA:249,19,0,0
BRDA:249,19,1,0
BRDA:265,20,0,0
BRDA:265,20,1,0
BRDA:280,21,0,0
BRDA:280,21,1,0
BRDA:350,22,0,0
BRDA:350,22,1,0
BRDA:359,23,0,0
BRDA:359,23,1,0
BRF:48
BRH:0
end_of_record
TN:
SF:app/routes.js
FN:7,RoutesScreen
FN:14,(anonymous_1)
FN:19,(anonymous_2)
FN:33,(anonymous_3)
FN:38,(anonymous_4)
FN:55,(anonymous_5)
FN:103,(anonymous_6)
FN:118,(anonymous_7)
FN:160,(anonymous_8)
FNF:9
FNH:0
FNDA:0,RoutesScreen
FNDA:0,(anonymous_1)
FNDA:0,(anonymous_2)
FNDA:0,(anonymous_3)
FNDA:0,(anonymous_4)
FNDA:0,(anonymous_5)
FNDA:0,(anonymous_6)
FNDA:0,(anonymous_7)
FNDA:0,(anonymous_8)
DA:8,0
DA:9,0
DA:10,0
DA:11,0
DA:14,0
DA:15,0
DA:19,0
DA:20,0
DA:21,0
DA:22,0
DA:23,0
DA:24,0
DA:26,0
DA:27,0
DA:28,0
DA:33,0
DA:34,0
DA:38,0
DA:40,0
DA:44,0
DA:49,0
DA:50,0
DA:52,0
DA:55,0
DA:103,0
DA:104,0
DA:106,0
DA:107,0
DA:108,0
DA:110,0
DA:111,0
DA:113,0
DA:118,0
DA:119,0
DA:131,0
DA:160,0
DA:169,0
LF:37
LH:0
BRDA:40,0,0,0
BRDA:40,0,1,0
BRDA:44,1,0,0
BRDA:44,1,1,0
BRDA:58,2,0,0
BRDA:58,2,1,0
BRDA:65,3,0,0
BRDA:65,3,1,0
BRDA:104,4,0,0
BRDA:104,4,1,0
BRDA:110,5,0,0
BRDA:110,5,1,0
BRDA:140,6,0,0
BRDA:140,6,1,0
BRDA:145,7,0,0
BRDA:145,7,1,0
BRDA:161,8,0,0
BRDA:161,8,1,0
BRF:18
BRH:0
end_of_record
TN:
SF:app/settings.js
FN:21,SettingsScreen
FN:40,(anonymous_1)
FN:52,(anonymous_2)
FN:63,(anonymous_3)
FN:92,(anonymous_4)
FN:106,(anonymous_5)
FN:118,(anonymous_6)
FN:213,(anonymous_7)
FN:225,(anonymous_8)
FN:237,(anonymous_9)
FN:260,(anonymous_10)
FN:272,(anonymous_11)
FN:284,(anonymous_12)
FN:312,(anonymous_13)
FN:324,(anonymous_14)
FN:336,(anonymous_15)
FN:355,(anonymous_16)
FN:371,(anonymous_17)
FN:392,(anonymous_18)
FN:412,(anonymous_19)
FN:424,(anonymous_20)
FN:436,(anonymous_21)
FN:513,(anonymous_22)
FN:521,(anonymous_23)
FN:529,(anonymous_24)
FNF:25
FNH:0
FNDA:0,SettingsScreen
FNDA:0,(anonymous_1)
FNDA:0,(anonymous_2)
FNDA:0,(anonymous_3)
FNDA:0,(anonymous_4)
FNDA:0,(anonymous_5)
FNDA:0,(anonymous_6)
FNDA:0,(anonymous_7)
FNDA:0,(anonymous_8)
FNDA:0,(anonymous_9)
FNDA:0,(anonymous_10)
FNDA:0,(anonymous_11)
FNDA:0,(anonymous_12)
FNDA:0,(anonymous_13)
FNDA:0,(anonymous_14)
FNDA:0,(anonymous_15)
FNDA:0,(anonymous_16)
FNDA:0,(anonymous_17)
FNDA:0,(anonymous_18)
FNDA:0,(anonymous_19)
FNDA:0,(anonymous_20)
FNDA:0,(anonymous_21)
FNDA:0,(anonymous_22)
FNDA:0,(anonymous_23)
FNDA:0,(anonymous_24)
DA:22,0
DA:23,0
DA:24,0
DA:27,0
DA:40,0
DA:41,0
DA:48,0
DA:52,0
DA:53,0
DA:59,0
DA:63,0
DA:64,0
DA:65,0
DA:68,0
DA:69,0
DA:71,0
DA:73,0
DA:74,0
DA:79,0
DA:85,0
DA:86,0
DA:87,0
DA:92,0
DA:93,0
DA:94,0
DA:96,0
DA:97,0
DA:100,0
DA:101,0
DA:106,0
DA:107,0
DA:119,0
DA:122,0
DA:123,0
DA:124,0
DA:125,0
DA:126,0
DA:128,0
DA:130,0
DA:131,0
DA:139,0
DA:213,0
DA:225,0
DA:237,0
DA:260,0
DA:272,0
DA:284,0
DA:312,0
DA:324,0
DA:336,0
DA:355,0
DA:371,0
DA:392,0
DA:412,0
DA:424,0
DA:436,0
DA:513,0
DA:521,0
DA:529,0
DA:540,0
LF:60
LH:0
BRDA:73,0,0,0
BRDA:73,0,1,0
BRDA:73,1,0,0
BRDA:73,1,1,0
BRDA:96,2,0,0
BRDA:96,2,1,0
BRDA:97,3,0,0
BRDA:97,3,1,0
BRDA:159,4,0,0
BRDA:159,4,1,0
BRDA:159,5,0,0
BRDA:159,5,1,0
BRDA:181,6,0,0
BRDA:181,6,1,0
BRDA:211,7,0,0
BRDA:211,7,1,0
BRDA:215,8,0,0
BRDA:215,8,1,0
BRDA:223,9,0,0
BRDA:223,9,1,0
BRDA:227,10,0,0
BRDA:227,10,1,0
BRDA:235,11,0,0
BRDA:235,11,1,0
BRDA:239,12,0,0
BRDA:239,12,1,0
BRDA:258,13,0,0
BRDA:258,13,1,0
BRDA:262,14,0,0
BRDA:262,14,1,0
BRDA:270,15,0,0
BRDA:270,15,1,0
BRDA:274,16,0,0
BRDA:274,16,1,0
BRDA:282,17,0,0
BRDA:282,17,1,0
BRDA:286,18,0,0
BRDA:286,18,1,0
BRDA:310,19,0,0
BRDA:310,19,1,0
BRDA:314,20,0,0
BRDA:314,20,1,0
BRDA:322,21,0,0
BRDA:322,21,1,0
BRDA:326,22,0,0
BRDA:326,22,1,0
BRDA:334,23,0,0
BRDA:334,23,1,0
BRDA:338,24,0,0
BRDA:338,24,1,0
BRDA:357,25,0,0
BRDA:357,25,1,0
BRDA:373,26,0,0
BRDA:373,26,1,0
BRDA:394,27,0,0
BRDA:394,27,1,0
BRDA:410,28,0,0
BRDA:410,28,1,0
BRDA:414,29,0,0
BRDA:414,29,1,0
BRDA:422,30,0,0
BRDA:422,30,1,0
BRDA:426,31,0,0
BRDA:426,31,1,0
BRDA:434,32,0,0
BRDA:434,32,1,0
BRDA:438,33,0,0
BRDA:438,33,1,0
BRDA:460,34,0,0
BRDA:460,34,1,0
BRDA:460,35,0,0
BRDA:460,35,1,0
BRDA:464,36,0,0
BRDA:464,36,1,0
BRDA:471,37,0,0
BRDA:471,37,1,0
BRDA:471,37,2,0
BRDA:477,38,0,0
BRDA:477,38,1,0
BRDA:496,39,0,0
BRDA:496,39,1,0
BRF:81
BRH:0
end_of_record
TN:
SF:app/(auth)/_layout.js
FN:3,AuthLayout
FNF:1
FNH:0
FNDA:0,AuthLayout
DA:4,0
LF:1
LH:0
BRF:0
BRH:0
end_of_record
TN:
SF:app/(tabs)/contacts.js
FN:17,ContactsScreen
FN:33,(anonymous_1)
FN:38,(anonymous_2)
FN:55,(anonymous_3)
FN:67,(anonymous_4)
FN:79,(anonymous_5)
FN:124,(anonymous_6)
FN:136,(anonymous_7)
FN:154,(anonymous_8)
FN:203,(anonymous_9)
FN:210,(anonymous_10)
FN:220,(anonymous_11)
FN:264,(anonymous_12)
FN:274,(anonymous_13)
FN:283,(anonymous_14)
FNF:15
FNH:0
FNDA:0,ContactsScreen
FNDA:0,(anonymous_1)
FNDA:0,(anonymous_2)
FNDA:0,(anonymous_3)
FNDA:0,(anonymous_4)
FNDA:0,(anonymous_5)
FNDA:0,(anonymous_6)
FNDA:0,(anonymous_7)
FNDA:0,(anonymous_8)
FNDA:0,(anonymous_9)
FNDA:0,(anonymous_10)
FNDA:0,(anonymous_11)
FNDA:0,(anonymous_12)
FNDA:0,(anonymous_13)
FNDA:0,(anonymous_14)
DA:18,0
DA:19,0
DA:20,0
DA:21,0
DA:22,0
DA:25,0
DA:26,0
DA:27,0
DA:28,0
DA:29,0
DA:30,0
DA:33,0
DA:34,0
DA:38,0
DA:39,0
DA:40,0
DA:41,0
DA:43,0
DA:44,0
DA:46,0
DA:48,0
DA:49,0
DA:50,0
DA:55,0
DA:56,0
DA:57,0
DA:58,0
DA:59,0
DA:60,0
DA:61,0
DA:62,0
DA:63,0
DA:67,0
DA:68,0
DA:69,0
DA:70,0
DA:71,0
DA:72,0
DA:73,0
DA:74,0
DA:75,0
DA:79,0
DA:80,0
DA:82,0
DA:83,0
DA:84,0
DA:87,0
DA:88,0
DA:89,0
DA:92,0
DA:101,0
DA:103,0
DA:105,0
DA:108,0
DA:112,0
DA:114,0
DA:115,0
DA:117,0
DA:118,0
DA:119,0
DA:124,0
DA:125,0
DA:137,0
DA:138,0
DA:139,0
DA:140,0
DA:141,0
DA:143,0
DA:144,0
DA:145,0
DA:154,0
DA:155,0
DA:203,0
DA:210,0
DA:220,0
DA:221,0
DA:232,0
DA:264,0
DA:274,0
DA:283,0
DA:373,0
LF:81
LH:0
BRDA:70,0,0,0
BRDA:70,0,1,0
BRDA:71,1,0,0
BRDA:71,1,1,0
BRDA:72,2,0,0
BRDA:72,2,1,0
BRDA:82,3,0,0
BRDA:82,3,1,0
BRDA:87,4,0,0
BRDA:87,4,1,0
BRDA:87,5,0,0
BRDA:87,5,1,0
BRDA:94,6,0,0
BRDA:94,6,1,0
BRDA:95,7,0,0
BRDA:95,7,1,0
BRDA:96,8,0,0
BRDA:96,8,1,0
BRDA:97,9,0,0
BRDA:97,9,1,0
BRDA:103,10,0,0
BRDA:103,10,1,0
BRDA:161,11,0,0
BRDA:161,11,1,0
BRDA:165,12,0,0
BRDA:165,12,1,0
BRDA:167,13,0,0
BRDA:167,13,1,0
BRDA:173,14,0,0
BRDA:173,14,1,0
BRDA:180,15,0,0
BRDA:180,15,1,0
BRDA:187,16,0,0
BRDA:187,16,1,0
BRDA:244,17,0,0
BRDA:244,17,1,0
BRDA:244,18,0,0
BRDA:244,18,1,0
BRDA:249,19,0,0
BRDA:249,19,1,0
BRDA:265,20,0,0
BRDA:265,20,1,0
BRDA:280,21,0,0
BRDA:280,21,1,0
BRDA:350,22,0,0
BRDA:350,22,1,0
BRDA:359,23,0,0
BRDA:359,23,1,0
BRF:48
BRH:0
end_of_record
TN:
SF:app/(tabs)/routes.js
FN:7,RoutesScreen
FN:14,(anonymous_1)
FN:19,(anonymous_2)
FN:33,(anonymous_3)
FN:38,(anonymous_4)
FN:55,(anonymous_5)
FN:103,(anonymous_6)
FN:118,(anonymous_7)
FN:160,(anonymous_8)
FNF:9
FNH:0
FNDA:0,RoutesScreen
FNDA:0,(anonymous_1)
FNDA:0,(anonymous_2)
FNDA:0,(anonymous_3)
FNDA:0,(anonymous_4)
FNDA:0,(anonymous_5)
FNDA:0,(anonymous_6)
FNDA:0,(anonymous_7)
FNDA:0,(anonymous_8)
DA:8,0
DA:9,0
DA:10,0
DA:11,0
DA:14,0
DA:15,0
DA:19,0
DA:20,0
DA:21,0
DA:22,0
DA:23,0
DA:24,0
DA:26,0
DA:27,0
DA:28,0
DA:33,0
DA:34,0
DA:38,0
DA:40,0
DA:44,0
DA:49,0
DA:50,0
DA:52,0
DA:55,0
DA:103,0
DA:104,0
DA:106,0
DA:107,0
DA:108,0
DA:110,0
DA:111,0
DA:113,0
DA:118,0
DA:119,0
DA:131,0
DA:160,0
DA:169,0
LF:37
LH:0
BRDA:40,0,0,0
BRDA:40,0,1,0
BRDA:44,1,0,0
BRDA:44,1,1,0
BRDA:58,2,0,0
BRDA:58,2,1,0
BRDA:65,3,0,0
BRDA:65,3,1,0
BRDA:104,4,0,0
BRDA:104,4,1,0
BRDA:110,5,0,0
BRDA:110,5,1,0
BRDA:140,6,0,0
BRDA:140,6,1,0
BRDA:145,7,0,0
BRDA:145,7,1,0
BRDA:161,8,0,0
BRDA:161,8,1,0
BRF:18
BRH:0
end_of_record
TN:
SF:app/(tabs)/settings.js
FN:21,SettingsScreen
FN:40,(anonymous_1)
FN:52,(anonymous_2)
FN:63,(anonymous_3)
FN:92,(anonymous_4)
FN:106,(anonymous_5)
FN:118,(anonymous_6)
FN:213,(anonymous_7)
FN:225,(anonymous_8)
FN:237,(anonymous_9)
FN:260,(anonymous_10)
FN:272,(anonymous_11)
FN:284,(anonymous_12)
FN:312,(anonymous_13)
FN:324,(anonymous_14)
FN:336,(anonymous_15)
FN:355,(anonymous_16)
FN:371,(anonymous_17)
FN:392,(anonymous_18)
FN:412,(anonymous_19)
FN:424,(anonymous_20)
FN:436,(anonymous_21)
FN:513,(anonymous_22)
FN:521,(anonymous_23)
FN:529,(anonymous_24)
FNF:25
FNH:0
FNDA:0,SettingsScreen
FNDA:0,(anonymous_1)
FNDA:0,(anonymous_2)
FNDA:0,(anonymous_3)
FNDA:0,(anonymous_4)
FNDA:0,(anonymous_5)
FNDA:0,(anonymous_6)
FNDA:0,(anonymous_7)
FNDA:0,(anonymous_8)
FNDA:0,(anonymous_9)
FNDA:0,(anonymous_10)
FNDA:0,(anonymous_11)
FNDA:0,(anonymous_12)
FNDA:0,(anonymous_13)
FNDA:0,(anonymous_14)
FNDA:0,(anonymous_15)
FNDA:0,(anonymous_16)
FNDA:0,(anonymous_17)
FNDA:0,(anonymous_18)
FNDA:0,(anonymous_19)
FNDA:0,(anonymous_20)
FNDA:0,(anonymous_21)
FNDA:0,(anonymous_22)
FNDA:0,(anonymous_23)
FNDA:0,(anonymous_24)
DA:22,0
DA:23,0
DA:24,0
DA:27,0
DA:40,0
DA:41,0
DA:48,0
DA:52,0
DA:53,0
DA:59,0
DA:63,0
DA:64,0
DA:65,0
DA:68,0
DA:69,0
DA:71,0
DA:73,0
DA:74,0
DA:79,0
DA:85,0
DA:86,0
DA:87,0
DA:92,0
DA:93,0
DA:94,0
DA:96,0
DA:97,0
DA:100,0
DA:101,0
DA:106,0
DA:107,0
DA:119,0
DA:122,0
DA:123,0
DA:124,0
DA:125,0
DA:126,0
DA:128,0
DA:130,0
DA:131,0
DA:139,0
DA:213,0
DA:225,0
DA:237,0
DA:260,0
DA:272,0
DA:284,0
DA:312,0
DA:324,0
DA:336,0
DA:355,0
DA:371,0
DA:392,0
DA:412,0
DA:424,0
DA:436,0
DA:513,0
DA:521,0
DA:529,0
DA:540,0
LF:60
LH:0
BRDA:73,0,0,0
BRDA:73,0,1,0
BRDA:73,1,0,0
BRDA:73,1,1,0
BRDA:96,2,0,0
BRDA:96,2,1,0
BRDA:97,3,0,0
BRDA:97,3,1,0
BRDA:159,4,0,0
BRDA:159,4,1,0
BRDA:159,5,0,0
BRDA:159,5,1,0
BRDA:181,6,0,0
BRDA:181,6,1,0
BRDA:211,7,0,0
BRDA:211,7,1,0
BRDA:215,8,0,0
BRDA:215,8,1,0
BRDA:223,9,0,0
BRDA:223,9,1,0
BRDA:227,10,0,0
BRDA:227,10,1,0
BRDA:235,11,0,0
BRDA:235,11,1,0
BRDA:239,12,0,0
BRDA:239,12,1,0
BRDA:258,13,0,0
BRDA:258,13,1,0
BRDA:262,14,0,0
BRDA:262,14,1,0
BRDA:270,15,0,0
BRDA:270,15,1,0
BRDA:274,16,0,0
BRDA:274,16,1,0
BRDA:282,17,0,0
BRDA:282,17,1,0
BRDA:286,18,0,0
BRDA:286,18,1,0
BRDA:310,19,0,0
BRDA:310,19,1,0
BRDA:314,20,0,0
BRDA:314,20,1,0
BRDA:322,21,0,0
BRDA:322,21,1,0
BRDA:326,22,0,0
BRDA:326,22,1,0
BRDA:334,23,0,0
BRDA:334,23,1,0
BRDA:338,24,0,0
BRDA:338,24,1,0
BRDA:357,25,0,0
BRDA:357,25,1,0
BRDA:373,26,0,0
BRDA:373,26,1,0
BRDA:394,27,0,0
BRDA:394,27,1,0
BRDA:410,28,0,0
BRDA:410,28,1,0
BRDA:414,29,0,0
BRDA:414,29,1,0
BRDA:422,30,0,0
BRDA:422,30,1,0
BRDA:426,31,0,0
BRDA:426,31,1,0
BRDA:434,32,0,0
BRDA:434,32,1,0
BRDA:438,33,0,0
BRDA:438,33,1,0
BRDA:460,34,0,0
BRDA:460,34,1,0
BRDA:460,35,0,0
BRDA:460,35,1,0
BRDA:464,36,0,0
BRDA:464,36,1,0
BRDA:471,37,0,0
BRDA:471,37,1,0
BRDA:471,37,2,0
BRDA:477,38,0,0
BRDA:477,38,1,0
BRDA:496,39,0,0
BRDA:496,39,1,0
BRF:81
BRH:0
end_of_record
TN:
SF:app/contexts/SafetyContext.js
FN:17,(anonymous_0)
FN:37,(anonymous_1)
FN:49,(anonymous_2)
FN:50,(anonymous_3)
FN:96,(anonymous_4)
FN:105,(anonymous_5)
FN:138,(anonymous_6)
FN:173,(anonymous_7)
FN:182,(anonymous_8)
FN:187,(anonymous_9)
FN:207,(anonymous_10)
FN:237,(anonymous_11)
FN:271,(anonymous_12)
FNF:13
FNH:4
FNDA:0,(anonymous_0)
FNDA:4,(anonymous_1)
FNDA:2,(anonymous_2)
FNDA:2,(anonymous_3)
FNDA:2,(anonymous_4)
FNDA:0,(anonymous_5)
FNDA:0,(anonymous_6)
FNDA:0,(anonymous_7)
FNDA:0,(anonymous_8)
FNDA:0,(anonymous_9)
FNDA:0,(anonymous_10)
FNDA:0,(anonymous_11)
FNDA:0,(anonymous_12)
DA:14,1
DA:17,1
DA:18,0
DA:19,0
DA:22,0
DA:29,0
DA:32,0
DA:33,0
DA:37,1
DA:39,4
DA:40,4
DA:41,4
DA:42,4
DA:43,4
DA:44,4
DA:45,4
DA:46,4
DA:49,4
DA:50,2
DA:51,2
DA:53,2
DA:54,2
DA:56,2
DA:62,2
DA:63,2
DA:66,2
DA:69,2
DA:70,2
DA:71,2
DA:75,2
DA:76,2
DA:78,2
DA:79,0
DA:85,2
DA:87,0
DA:88,0
DA:89,0
DA:93,2
DA:96,2
DA:97,2
DA:98,2
DA:99,0
DA:105,4
DA:106,0
DA:108,0
DA:110,0
DA:111,0
DA:112,0
DA:116,0
DA:119,0
DA:120,0
DA:126,0
DA:127,0
DA:129,0
DA:131,0
DA:132,0
DA:133,0
DA:138,4
DA:139,0
DA:140,0
DA:141,0
DA:144,0
DA:145,0
DA:146,0
DA:147,0
DA:148,0
DA:149,0
DA:154,0
DA:156,0
DA:157,0
DA:162,0
DA:163,0
DA:165,0
DA:166,0
DA:167,0
DA:168,0
DA:173,4
DA:174,0
DA:175,0
DA:177,0
DA:180,0
DA:181,0
DA:183,0
DA:184,0
DA:188,0
DA:192,0
DA:193,0
DA:194,0
DA:196,0
DA:197,0
DA:199,0
DA:200,0
DA:201,0
DA:202,0
DA:207,4
DA:208,0
DA:210,0
DA:211,0
DA:216,0
DA:218,0
DA:219,0
DA:226,0
DA:229,0
DA:231,0
DA:232,0
DA:237,4
DA:238,0
DA:239,0
DA:240,0
DA:242,0
DA:243,0
DA:248,4
DA:263,4
DA:271,1
LF:114
LH:39
BRDA:29,0,0,0
BRDA:29,0,1,0
BRDA:32,1,0,0
BRDA:32,1,1,0
BRDA:69,2,0,2
BRDA:69,2,1,0
BRDA:78,3,0,0
BRDA:78,3,1,2
BRDA:98,4,0,0
BRDA:98,4,1,2
BRDA:110,5,0,0
BRDA:110,5,1,0
BRDA:129,6,0,0
BRDA:129,6,1,0
BRDA:129,6,2,0
BRDA:144,7,0,0
BRDA:144,7,1,0
BRDA:144,8,0,0
BRDA:144,8,1,0
BRDA:146,9,0,0
BRDA:146,9,1,0
BRDA:180,10,0,0
BRDA:180,10,1,0
BRDA:183,11,0,0
BRDA:183,11,1,0
BRDA:208,12,0,0
BRDA:208,12,1,0
BRDA:208,13,0,0
BRDA:208,13,1,0
BRDA:216,14,0,0
BRDA:216,14,1,0
BRDA:239,15,0,0
BRDA:239,15,1,0
BRF:33
BRH:3
end_of_record
TN:
SF:app/contexts/UserContext.js
FN:10,(anonymous_0)
FN:11,(anonymous_1)
FN:12,(anonymous_2)
FN:14,(anonymous_3)
FN:18,(anonymous_4)
FN:27,(anonymous_5)
FN:29,(anonymous_6)
FN:37,(anonymous_7)
FN:44,(anonymous_8)
FN:48,(anonymous_9)
FN:64,(anonymous_10)
FN:79,(anonymous_11)
FN:97,(anonymous_12)
FN:112,(anonymous_13)
FN:136,(anonymous_14)
FNF:15
FNH:0
FNDA:0,(anonymous_0)
FNDA:0,(anonymous_1)
FNDA:0,(anonymous_2)
FNDA:0,(anonymous_3)
FNDA:0,(anonymous_4)
FNDA:0,(anonymous_5)
FNDA:0,(anonymous_6)
FNDA:0,(anonymous_7)
FNDA:0,(anonymous_8)
FNDA:0,(anonymous_9)
FNDA:0,(anonymous_10)
FNDA:0,(anonymous_11)
FNDA:0,(anonymous_12)
FNDA:0,(anonymous_13)
FNDA:0,(anonymous_14)
DA:6,0
DA:18,0
DA:19,0
DA:20,0
DA:21,0
DA:22,0
DA:23,0
DA:24,0
DA:27,0
DA:29,0
DA:30,0
DA:31,0
DA:32,0
DA:36,0
DA:38,0
DA:39,0
DA:40,0
DA:44,0
DA:48,0
DA:49,0
DA:52,0
DA:55,0
DA:56,0
DA:57,0
DA:59,0
DA:64,0
DA:65,0
DA:66,0
DA:71,0
DA:72,0
DA:74,0
DA:79,0
DA:80,0
DA:81,0
DA:89,0
DA:90,0
DA:92,0
DA:97,0
DA:98,0
DA:99,0
DA:100,0
DA:103,0
DA:105,0
DA:107,0
DA:112,0
DA:113,0
DA:117,0
DA:128,0
DA:136,0
LF:49
LH:0
BRDA:31,0,0,0
BRDA:31,0,1,0
BRDA:39,1,0,0
BRDA:39,1,1,0
BRDA:49,2,0,0
BRDA:49,2,1,0
BRDA:55,3,0,0
BRDA:55,3,1,0
BRDA:55,4,0,0
BRDA:55,4,1,0
BRDA:55,4,2,0
BRDA:57,5,0,0
BRDA:57,5,1,0
BRDA:57,6,0,0
BRDA:57,6,1,0
BRDA:57,6,2,0
BRDA:71,7,0,0
BRDA:71,7,1,0
BRDA:89,8,0,0
BRDA:89,8,1,0
BRDA:100,9,0,0
BRDA:100,9,1,0
BRF:22
BRH:0
end_of_record
TN:
SF:app/database/database.js
FN:14,(anonymous_0)
FN:24,(anonymous_1)
FN:32,(anonymous_2)
FN:33,(anonymous_3)
FN:34,(anonymous_4)
FN:197,(anonymous_5)
FN:198,(anonymous_6)
FN:199,(anonymous_7)
FN:203,(anonymous_8)
FN:204,(anonymous_9)
FNF:10
FNH:9
FNDA:4,(anonymous_0)
FNDA:6,(anonymous_1)
FNDA:6,(anonymous_2)
FNDA:6,(anonymous_3)
FNDA:6,(anonymous_4)
FNDA:1,(anonymous_5)
FNDA:1,(anonymous_6)
FNDA:2,(anonymous_7)
FNDA:1,(anonymous_8)
FNDA:0,(anonymous_9)
DA:8,2
DA:9,6
DA:15,4
DA:16,2
DA:18,4
DA:25,6
DA:26,6
DA:33,6
DA:34,6
DA:36,6
DA:52,6
DA:57,6
DA:71,6
DA:74,6
DA:79,6
DA:93,6
DA:96,6
DA:101,6
DA:118,6
DA:121,6
DA:124,6
DA:129,6
DA:143,6
DA:148,6
DA:163,6
DA:166,6
DA:171,6
DA:186,6
DA:198,1
DA:199,1
DA:200,2
DA:203,1
DA:204,0
LF:33
LH:32
BRDA:15,0,0,2
BRDA:15,0,1,2
BRDA:197,1,0,0
BRF:3
BRH:2
end_of_record
TN:
SF:app/database/models.js
FN:10,(anonymous_0)
FN:63,(anonymous_1)
FN:76,(anonymous_2)
FN:105,(anonymous_3)
FN:125,(anonymous_4)
FN:142,(anonymous_5)
FN:169,(anonymous_6)
FN:197,(anonymous_7)
FN:216,(anonymous_8)
FN:233,(anonymous_9)
FN:272,(anonymous_10)
FN:299,(anonymous_11)
FN:315,(anonymous_12)
FN:345,(anonymous_13)
FN:360,(anonymous_14)
FNF:15
FNH:0
FNDA:0,(anonymous_0)
FNDA:0,(anonymous_1)
FNDA:0,(anonymous_2)
FNDA:0,(anonymous_3)
FNDA:0,(anonymous_4)
FNDA:0,(anonymous_5)
FNDA:0,(anonymous_6)
FNDA:0,(anonymous_7)
FNDA:0,(anonymous_8)
FNDA:0,(anonymous_9)
FNDA:0,(anonymous_10)
FNDA:0,(anonymous_11)
FNDA:0,(anonymous_12)
FNDA:0,(anonymous_13)
FNDA:0,(anonymous_14)
DA:11,0
DA:12,0
DA:15,0
DA:33,0
DA:36,0
DA:37,0
DA:38,0
DA:53,0
DA:55,0
DA:56,0
DA:64,0
DA:65,0
DA:66,0
DA:68,0
DA:69,0
DA:77,0
DA:78,0
DA:83,0
DA:84,0
DA:87,0
DA:89,0
DA:94,0
DA:95,0
DA:97,0
DA:98,0
DA:106,0
DA:107,0
DA:117,0
DA:118,0
DA:126,0
DA:127,0
DA:129,0
DA:130,0
DA:143,0
DA:144,0
DA:159,0
DA:161,0
DA:162,0
DA:170,0
DA:171,0
DA:189,0
DA:190,0
DA:198,0
DA:199,0
DA:208,0
DA:209,0
DA:217,0
DA:218,0
DA:223,0
DA:225,0
DA:226,0
DA:234,0
DA:235,0
DA:252,0
DA:257,0
DA:259,0
DA:260,0
DA:273,0
DA:274,0
DA:289,0
DA:291,0
DA:292,0
DA:300,0
DA:301,0
DA:305,0
DA:307,0
DA:308,0
DA:316,0
DA:317,0
DA:337,0
DA:338,0
DA:346,0
DA:347,0
DA:352,0
DA:353,0
DA:361,0
DA:362,0
DA:366,0
DA:368,0
DA:369,0
LF:80
LH:0
BRDA:21,0,0,0
BRDA:21,0,1,0
BRDA:22,1,0,0
BRDA:22,1,1,0
BRDA:23,2,0,0
BRDA:23,2,1,0
BRDA:26,3,0,0
BRDA:26,3,1,0
BRDA:27,4,0,0
BRDA:27,4,1,0
BRDA:46,5,0,0
BRDA:46,5,1,0
BRDA:47,6,0,0
BRDA:47,6,1,0
BRDA:83,7,0,0
BRDA:83,7,1,0
BRDA:150,8,0,0
BRDA:150,8,1,0
BRDA:152,9,0,0
BRDA:152,9,1,0
BRDA:153,10,0,0
BRDA:153,10,1,0
BRDA:154,11,0,0
BRDA:154,11,1,0
BRDA:155,12,0,0
BRDA:155,12,1,0
BRDA:180,13,0,0
BRDA:180,13,1,0
BRDA:181,14,0,0
BRDA:181,14,1,0
BRDA:183,15,0,0
BRDA:183,15,1,0
BRDA:184,16,0,0
BRDA:184,16,1,0
BRDA:197,17,0,0
BRDA:246,18,0,0
BRDA:246,18,1,0
BRDA:247,19,0,0
BRDA:247,19,1,0
BRDA:280,20,0,0
BRDA:280,20,1,0
BRDA:281,21,0,0
BRDA:281,21,1,0
BRDA:282,22,0,0
BRDA:282,22,1,0
BRDA:283,23,0,0
BRDA:283,23,1,0
BRDA:284,24,0,0
BRDA:284,24,1,0
BRDA:284,25,0,0
BRDA:284,25,1,0
BRDA:328,26,0,0
BRDA:328,26,1,0
BRDA:329,27,0,0
BRDA:329,27,1,0
BRDA:330,28,0,0
BRDA:330,28,1,0
BRDA:331,29,0,0
BRDA:331,29,1,0
BRDA:332,30,0,0
BRDA:332,30,1,0
BRDA:332,31,0,0
BRDA:332,31,1,0
BRF:63
BRH:0
end_of_record
TN:
SF:app/route/[id].js
FN:17,RouteDetailScreen
FN:29,(anonymous_1)
FN:34,(anonymous_2)
FN:60,(anonymous_3)
FN:81,(anonymous_4)
FN:93,(anonymous_5)
FN:108,(anonymous_6)
FN:114,(anonymous_7)
FN:144,(anonymous_8)
FN:157,(anonymous_9)
FN:168,(anonymous_10)
FNF:11
FNH:0
FNDA:0,RouteDetailScreen
FNDA:0,(anonymous_1)
FNDA:0,(anonymous_2)
FNDA:0,(anonymous_3)
FNDA:0,(anonymous_4)
FNDA:0,(anonymous_5)
FNDA:0,(anonymous_6)
FNDA:0,(anonymous_7)
FNDA:0,(anonymous_8)
FNDA:0,(anonymous_9)
FNDA:0,(anonymous_10)
DA:18,0
DA:19,0
DA:21,0
DA:22,0
DA:23,0
DA:24,0
DA:25,0
DA:26,0
DA:29,0
DA:30,0
DA:34,0
DA:35,0
DA:36,0
DA:37,0
DA:39,0
DA:41,0
DA:42,0
DA:43,0
DA:44,0
DA:47,0
DA:48,0
DA:49,0
DA:51,0
DA:53,0
DA:54,0
DA:55,0
DA:60,0
DA:61,0
DA:62,0
DA:67,0
DA:73,0
DA:75,0
DA:76,0
DA:81,0
DA:82,0
DA:94,0
DA:95,0
DA:96,0
DA:98,0
DA:99,0
DA:108,0
DA:109,0
DA:110,0
DA:114,0
DA:115,0
DA:117,0
DA:118,0
DA:119,0
DA:121,0
DA:122,0
DA:124,0
DA:128,0
DA:129,0
DA:137,0
DA:138,0
DA:144,0
DA:152,0
DA:157,0
DA:168,0
DA:308,0
LF:60
LH:0
BRDA:41,0,0,0
BRDA:41,0,1,0
BRDA:48,1,0,0
BRDA:48,1,1,0
BRDA:49,2,0,0
BRDA:49,2,1,0
BRDA:109,3,0,0
BRDA:109,3,1,0
BRDA:115,4,0,0
BRDA:115,4,1,0
BRDA:121,5,0,0
BRDA:121,5,1,0
BRDA:128,6,0,0
BRDA:128,6,1,0
BRDA:137,7,0,0
BRDA:137,7,1,0
BRDA:168,8,0,0
BRDA:168,8,1,0
BRDA:171,9,0,0
BRDA:171,9,1,0
BRDA:179,10,0,0
BRDA:179,10,1,0
BRDA:179,10,2,0
BRDA:186,11,0,0
BRDA:186,11,1,0
BRDA:211,12,0,0
BRDA:211,12,1,0
BRDA:214,13,0,0
BRDA:214,13,1,0
BRDA:253,14,0,0
BRDA:253,14,1,0
BRDA:264,15,0,0
BRDA:264,15,1,0
BRDA:291,16,0,0
BRDA:291,16,1,0
BRF:35
BRH:0
end_of_record
TN:
SF:app/services/AlertService.js
FN:8,(anonymous_0)
FN:25,(anonymous_1)
FN:77,(anonymous_2)
FN:100,(anonymous_3)
FN:155,(anonymous_4)
FN:200,(anonymous_5)
FN:252,(anonymous_6)
FN:295,(anonymous_7)
FN:306,(anonymous_8)
FNF:9
FNH:1
FNDA:0,(anonymous_0)
FNDA:2,(anonymous_1)
FNDA:0,(anonymous_2)
FNDA:0,(anonymous_3)
FNDA:0,(anonymous_4)
FNDA:0,(anonymous_5)
FNDA:0,(anonymous_6)
FNDA:0,(anonymous_7)
FNDA:0,(anonymous_8)
DA:7,1
DA:8,0
DA:16,1
DA:25,1
DA:26,2
DA:28,2
DA:29,2
DA:31,2
DA:32,0
DA:33,0
DA:36,2
DA:37,0
DA:41,2
DA:42,2
DA:67,2
DA:69,0
DA:70,0
DA:77,1
DA:78,0
DA:80,0
DA:86,0
DA:87,0
DA:88,0
DA:96,0
DA:97,0
DA:100,0
DA:101,0
DA:103,0
DA:108,0
DA:111,0
DA:112,0
DA:115,0
DA:121,0
DA:125,0
DA:133,0
DA:134,0
DA:135,0
DA:137,0
DA:144,0
DA:145,0
DA:155,1
DA:156,0
DA:158,0
DA:161,0
DA:173,0
DA:174,0
DA:175,0
DA:178,0
DA:179,0
DA:180,0
DA:185,0
DA:190,0
DA:192,0
DA:193,0
DA:200,1
DA:201,0
DA:203,0
DA:204,0
DA:205,0
DA:206,0
DA:212,0
DA:213,0
DA:216,0
DA:218,0
DA:222,0
DA:224,0
DA:228,0
DA:242,0
DA:244,0
DA:245,0
DA:252,1
DA:253,0
DA:255,0
DA:261,0
DA:263,0
DA:271,0
DA:272,0
DA:274,0
DA:285,0
DA:287,0
DA:288,0
DA:295,1
DA:296,0
DA:297,0
DA:299,0
DA:306,1
DA:307,0
LF:87
LH:17
BRDA:31,0,0,0
BRDA:31,0,1,2
BRDA:36,1,0,0
BRDA:36,1,1,2
BRDA:41,2,0,2
BRDA:41,2,1,0
BRDA:77,3,0,0
BRDA:86,4,0,0
BRDA:86,4,1,0
BRDA:96,5,0,0
BRDA:96,5,1,0
BRDA:111,6,0,0
BRDA:111,6,1,0
BRDA:133,7,0,0
BRDA:133,7,1,0
BRDA:155,8,0,0
BRDA:173,9,0,0
BRDA:173,9,1,0
BRDA:178,10,0,0
BRDA:178,10,1,0
BRDA:204,11,0,0
BRDA:204,11,1,0
BRDA:204,12,0,0
BRDA:204,12,1,0
BRDA:216,13,0,0
BRDA:216,13,1,0
BRDA:222,14,0,0
BRDA:222,14,1,0
BRDA:235,15,0,0
BRDA:235,15,1,0
BRDA:261,16,0,0
BRDA:261,16,1,0
BRDA:271,17,0,0
BRDA:271,17,1,0
BRDA:296,18,0,0
BRDA:296,18,1,0
BRF:36
BRH:3
end_of_record
TN:
SF:app/services/DataRetentionService.js
FN:21,(anonymous_0)
FN:48,(anonymous_1)
FN:72,(anonymous_2)
FN:95,(anonymous_3)
FN:118,(anonymous_4)
FN:152,(anonymous_5)
FN:153,(anonymous_6)
FN:164,(anonymous_7)
FNF:8
FNH:8
FNDA:4,(anonymous_0)
FNDA:3,(anonymous_1)
FNDA:3,(anonymous_2)
FNDA:3,(anonymous_3)
FNDA:2,(anonymous_4)
FNDA:4,(anonymous_5)
FNDA:1,(anonymous_6)
FNDA:3,(anonymous_7)
DA:9,2
DA:21,2
DA:22,4
DA:23,4
DA:26,4
DA:36,4
DA:38,0
DA:39,0
DA:48,2
DA:49,3
DA:50,3
DA:53,3
DA:60,3
DA:62,0
DA:63,0
DA:72,2
DA:73,3
DA:74,3
DA:77,3
DA:83,3
DA:85,0
DA:86,0
DA:95,2
DA:96,3
DA:97,3
DA:100,3
DA:106,3
DA:108,0
DA:109,0
DA:118,2
DA:119,2
DA:121,2
DA:122,2
DA:123,2
DA:124,2
DA:127,2
DA:129,2
DA:138,0
DA:139,0
DA:152,2
DA:153,4
DA:154,1
DA:155,1
DA:156,1
DA:157,1
DA:159,0
DA:164,4
LF:47
LH:36
BRDA:21,0,0,1
BRDA:48,1,0,1
BRDA:72,2,0,1
BRDA:95,3,0,1
BRDA:118,4,0,2
BRDA:152,5,0,1
BRF:6
BRH:6
end_of_record
TN:
SF:app/services/LocationService.js
FN:19,(anonymous_0)
FN:49,(anonymous_1)
FN:115,(anonymous_2)
FN:143,(anonymous_3)
FN:165,(anonymous_4)
FN:208,(anonymous_5)
FN:251,(anonymous_6)
FN:261,(anonymous_7)
FN:280,(anonymous_8)
FN:289,(anonymous_9)
FN:313,(anonymous_10)
FN:337,(anonymous_11)
FN:362,(anonymous_12)
FNF:13
FNH:9
FNDA:0,(anonymous_0)
FNDA:2,(anonymous_1)
FNDA:5,(anonymous_2)
FNDA:0,(anonymous_3)
FNDA:0,(anonymous_4)
FNDA:2,(anonymous_5)
FNDA:3,(anonymous_6)
FNDA:2,(anonymous_7)
FNDA:0,(anonymous_8)
FNDA:2,(anonymous_9)
FNDA:2,(anonymous_10)
FNDA:1,(anonymous_11)
FNDA:3,(anonymous_12)
DA:7,2
DA:10,2
DA:11,2
DA:12,2
DA:13,2
DA:14,2
DA:19,2
DA:20,0
DA:21,0
DA:22,0
DA:25,0
DA:28,0
DA:29,0
DA:31,0
DA:32,0
DA:37,0
DA:38,0
DA:39,0
DA:41,0
DA:49,2
DA:50,2
DA:52,2
DA:55,2
DA:69,2
DA:71,0
DA:72,0
DA:73,0
DA:75,0
DA:76,0
DA:77,0
DA:78,2
DA:80,0
DA:81,0
DA:83,0
DA:84,0
DA:85,2
DA:87,2
DA:88,2
DA:90,2
DA:93,2
DA:95,0
DA:97,0
DA:115,2
DA:116,5
DA:118,2
DA:120,2
DA:121,2
DA:122,0
DA:125,2
DA:126,2
DA:127,0
DA:131,2
DA:134,2
DA:138,2
DA:141,2
DA:144,0
DA:149,2
DA:164,2
DA:165,2
DA:166,0
DA:167,0
DA:168,0
DA:169,0
DA:173,0
DA:176,0
DA:179,0
DA:180,0
DA:193,0
DA:197,2
DA:198,2
DA:200,0
DA:201,0
DA:208,2
DA:209,2
DA:211,1
DA:213,1
DA:214,1
DA:215,1
DA:219,1
DA:220,1
DA:221,1
DA:225,1
DA:226,1
DA:227,1
DA:231,1
DA:233,1
DA:234,1
DA:236,1
DA:237,1
DA:238,1
DA:241,1
DA:243,0
DA:244,0
DA:251,2
DA:252,3
DA:261,2
DA:263,2
DA:269,2
DA:272,2
DA:274,2
DA:280,2
DA:281,0
DA:283,0
DA:289,2
DA:290,2
DA:292,2
DA:294,2
DA:305,0
DA:306,0
DA:313,2
DA:314,2
DA:316,2
DA:317,0
DA:321,2
DA:323,2
DA:324,0
DA:325,2
DA:326,2
DA:327,0
DA:328,0
DA:330,0
DA:337,2
DA:338,1
DA:339,0
DA:342,1
DA:344,1
DA:345,1
DA:346,1
DA:348,1
DA:356,1
DA:362,2
DA:363,3
DA:364,3
DA:365,3
DA:366,3
DA:367,3
DA:369,3
DA:372,3
DA:374,3
LF:139
LH:89
BRDA:20,0,0,0
BRDA:20,0,1,0
BRDA:25,1,0,0
BRDA:25,1,1,0
BRDA:69,2,0,0
BRDA:69,2,1,2
BRDA:78,3,0,0
BRDA:78,3,1,2
BRDA:85,4,0,2
BRDA:85,4,1,0
BRDA:116,5,0,3
BRDA:116,5,1,2
BRDA:121,6,0,0
BRDA:121,6,1,2
BRDA:126,7,0,0
BRDA:126,7,1,2
BRDA:167,8,0,0
BRDA:167,8,1,0
BRDA:176,9,0,0
BRDA:176,9,1,0
BRDA:209,10,0,1
BRDA:209,10,1,1
BRDA:213,11,0,1
BRDA:213,11,1,0
BRDA:220,12,0,1
BRDA:220,12,1,0
BRDA:225,13,0,1
BRDA:225,13,1,0
BRDA:231,14,0,1
BRDA:231,14,1,0
BRDA:281,15,0,0
BRDA:281,15,1,0
BRDA:299,16,0,2
BRDA:299,16,1,0
BRDA:316,17,0,0
BRDA:316,17,1,2
BRDA:316,18,0,2
BRDA:316,18,1,2
BRDA:323,19,0,0
BRDA:323,19,1,2
BRDA:325,20,0,2
BRDA:325,20,1,0
BRDA:327,21,0,0
BRDA:327,21,1,0
BRDA:338,22,0,0
BRDA:338,22,1,1
BRDA:338,23,0,1
BRDA:338,23,1,1
BRF:48
BRH:22
end_of_record
TN:
SF:app/services/RouteService.js
FN:18,(anonymous_0)
FN:115,(anonymous_1)
FN:146,(anonymous_2)
FN:213,(anonymous_3)
FN:249,(anonymous_4)
FN:263,(anonymous_5)
FN:291,(anonymous_6)
FN:343,(anonymous_7)
FN:391,(anonymous_8)
FN:426,(anonymous_9)
FN:457,(anonymous_10)
FN:488,(anonymous_11)
FN:508,(anonymous_12)
FNF:13
FNH:4
FNDA:1,(anonymous_0)
FNDA:0,(anonymous_1)
FNDA:3,(anonymous_2)
FNDA:0,(anonymous_3)
FNDA:0,(anonymous_4)
FNDA:0,(anonymous_5)
FNDA:0,(anonymous_6)
FNDA:0,(anonymous_7)
FNDA:0,(anonymous_8)
FNDA:2,(anonymous_9)
FNDA:2,(anonymous_10)
FNDA:0,(anonymous_11)
FNDA:0,(anonymous_12)
DA:6,2
DA:7,2
DA:8,2
DA:9,2
DA:10,2
DA:11,2
DA:12,2
DA:18,2
DA:19,1
DA:21,1
DA:24,1
DA:25,1
DA:26,1
DA:30,0
DA:31,0
DA:32,0
DA:33,0
DA:37,0
DA:40,0
DA:41,0
DA:43,0
DA:44,0
DA:45,0
DA:47,0
DA:48,0
DA:49,0
DA:54,0
DA:56,0
DA:64,0
DA:68,0
DA:74,0
DA:79,0
DA:85,0
DA:94,0
DA:97,0
DA:98,0
DA:100,0
DA:115,0
DA:124,0
DA:131,0
DA:138,0
DA:139,0
DA:146,2
DA:147,3
DA:149,3
DA:150,3
DA:153,3
DA:158,3
DA:159,3
DA:162,2
DA:163,2
DA:166,2
DA:169,2
DA:172,2
DA:180,2
DA:182,1
DA:190,1
DA:203,1
DA:205,0
DA:206,0
DA:213,2
DA:214,0
DA:216,0
DA:220,0
DA:221,0
DA:224,0
DA:229,0
DA:235,0
DA:236,0
DA:240,0
DA:243,0
DA:249,2
DA:250,0
DA:257,0
DA:263,2
DA:268,0
DA:269,0
DA:270,0
DA:273,0
DA:274,0
DA:275,0
DA:281,0
DA:285,0
DA:291,2
DA:292,0
DA:293,0
DA:296,0
DA:299,0
DA:300,0
DA:302,0
DA:303,0
DA:307,0
DA:308,0
DA:312,0
DA:313,0
DA:314,0
DA:316,0
DA:317,0
DA:319,0
DA:321,0
DA:322,0
DA:327,0
DA:328,0
DA:333,0
DA:334,0
DA:337,0
DA:343,2
DA:344,0
DA:345,0
DA:349,0
DA:350,0
DA:352,0
DA:353,0
DA:355,0
DA:356,0
DA:362,0
DA:363,0
DA:364,0
DA:369,0
DA:370,0
DA:375,0
DA:381,0
DA:384,0
DA:391,2
DA:392,0
DA:393,0
DA:394,0
DA:395,0
DA:396,0
DA:397,0
DA:400,0
DA:402,0
DA:403,0
DA:407,0
DA:409,0
DA:410,0
DA:413,0
DA:414,0
DA:417,0
DA:418,0
DA:420,0
DA:426,2
DA:427,2
DA:428,0
DA:432,2
DA:435,2
DA:436,2
DA:438,2
DA:439,4
DA:444,4
DA:445,2
DA:446,2
DA:451,2
DA:457,2
DA:458,2
DA:459,0
DA:462,2
DA:463,0
DA:466,0
DA:467,0
DA:468,0
DA:470,0
DA:471,0
DA:475,0
DA:477,0
DA:488,2
DA:489,0
DA:490,0
DA:493,0
DA:495,0
DA:496,0
DA:502,0
DA:508,2
DA:509,0
DA:516,0
LF:175
LH:51
BRDA:24,0,0,1
BRDA:24,0,1,0
BRDA:24,1,0,1
BRDA:24,1,1,1
BRDA:31,2,0,0
BRDA:31,2,1,0
BRDA:47,3,0,0
BRDA:47,3,1,0
BRDA:54,4,0,0
BRDA:54,4,1,0
BRDA:54,5,0,0
BRDA:54,5,1,0
BRDA:74,6,0,0
BRDA:74,6,1,0
BRDA:150,7,0,0
BRDA:150,7,1,3
BRDA:150,8,0,3
BRDA:150,8,1,3
BRDA:159,9,0,1
BRDA:159,9,1,2
BRDA:163,10,0,0
BRDA:163,10,1,2
BRDA:163,11,0,2
BRDA:163,11,1,2
BRDA:163,11,2,2
BRDA:180,12,0,1
BRDA:180,12,1,1
BRDA:214,13,0,0
BRDA:214,13,1,0
BRDA:214,14,0,0
BRDA:214,14,1,0
BRDA:214,14,2,0
BRDA:214,14,3,0
BRDA:235,15,0,0
BRDA:235,15,1,0
BRDA:235,16,0,0
BRDA:235,16,1,0
BRDA:292,17,0,0
BRDA:292,17,1,0
BRDA:319,18,0,0
BRDA:319,18,1,0
BRDA:333,19,0,0
BRDA:333,19,1,0
BRDA:343,20,0,0
BRDA:344,21,0,0
BRDA:344,21,1,0
BRDA:362,22,0,0
BRDA:362,22,1,0
BRDA:369,23,0,0
BRDA:369,23,1,0
BRDA:402,24,0,0
BRDA:402,24,1,0
BRDA:409,25,0,0
BRDA:409,25,1,0
BRDA:413,26,0,0
BRDA:413,26,1,0
BRDA:427,27,0,0
BRDA:427,27,1,2
BRDA:427,28,0,2
BRDA:427,28,1,2
BRDA:427,28,2,2
BRDA:427,28,3,2
BRDA:444,29,0,2
BRDA:444,29,1,2
BRDA:458,30,0,0
BRDA:458,30,1,2
BRDA:458,31,0,2
BRDA:458,31,1,2
BRDA:462,32,0,2
BRDA:462,32,1,0
BRDA:463,33,0,0
BRDA:463,33,1,0
BRDA:470,34,0,0
BRDA:470,34,1,0
BRDA:489,35,0,0
BRDA:489,35,1,0
BRDA:489,36,0,0
BRDA:489,36,1,0
BRF:78
BRH:25
end_of_record
TN:
SF:app/services/SupabaseService.js
FN:15,(anonymous_0)
FN:27,(anonymous_1)
FN:61,(anonymous_2)
FN:123,(anonymous_3)
FNF:4
FNH:0
FNDA:0,(anonymous_0)
FNDA:0,(anonymous_1)
FNDA:0,(anonymous_2)
FNDA:0,(anonymous_3)
DA:6,0
DA:7,0
DA:9,0
DA:15,0
DA:16,0
DA:18,0
DA:21,0
DA:24,0
DA:27,0
DA:41,0
DA:43,0
DA:49,0
DA:50,0
DA:61,0
DA:62,0
DA:64,0
DA:67,0
DA:70,0
DA:72,0
DA:74,0
DA:75,0
DA:77,0
DA:95,0
DA:102,0
DA:104,0
DA:110,0
DA:111,0
DA:123,0
DA:124,0
DA:126,0
DA:129,0
DA:143,0
DA:145,0
DA:151,0
DA:152,0
LF:35
LH:0
BRDA:41,0,0,0
BRDA:41,0,1,0
BRDA:74,1,0,0
BRDA:74,1,1,0
BRDA:102,2,0,0
BRDA:102,2,1,0
BRDA:139,3,0,0
BRDA:139,3,1,0
BRDA:143,4,0,0
BRDA:143,4,1,0
BRF:10
BRH:0
end_of_record
TN:
SF:app/utils/helpers.js
FN:10,(anonymous_0)
FN:25,(anonymous_1)
FN:44,(anonymous_2)
FN:54,(anonymous_3)
FN:68,(anonymous_4)
FN:84,(anonymous_5)
FN:97,(anonymous_6)
FN:110,(anonymous_7)
FN:134,(anonymous_8)
FN:153,(anonymous_9)
FNF:10
FNH:7
FNDA:9,(anonymous_0)
FNDA:10,(anonymous_1)
FNDA:3,(anonymous_2)
FNDA:0,(anonymous_3)
FNDA:0,(anonymous_4)
FNDA:7,(anonymous_5)
FNDA:7,(anonymous_6)
FNDA:8,(anonymous_7)
FNDA:0,(anonymous_8)
FNDA:2,(anonymous_9)
DA:10,1
DA:11,9
DA:13,7
DA:14,4
DA:16,3
DA:25,1
DA:26,10
DA:28,8
DA:29,8
DA:30,8
DA:32,8
DA:33,4
DA:35,4
DA:44,1
DA:45,3
DA:46,1
DA:54,1
DA:55,0
DA:56,0
DA:68,1
DA:69,0
DA:76,0
DA:84,1
DA:85,7
DA:86,5
DA:87,4
DA:88,3
DA:89,2
DA:97,1
DA:98,7
DA:99,5
DA:100,4
DA:101,3
DA:102,2
DA:110,1
DA:111,8
DA:112,2
DA:116,6
DA:118,6
DA:119,2
DA:120,4
DA:121,1
DA:122,3
DA:123,2
DA:125,1
DA:134,1
DA:135,0
DA:142,0
DA:153,1
DA:154,2
DA:155,2
DA:156,2
DA:157,2
DA:158,2
DA:160,2
DA:163,2
DA:165,2
LF:57
LH:51
BRDA:11,0,0,2
BRDA:11,0,1,7
BRDA:11,1,0,9
BRDA:11,1,1,3
BRDA:13,2,0,4
BRDA:13,2,1,3
BRDA:26,3,0,2
BRDA:26,3,1,8
BRDA:26,4,0,10
BRDA:26,4,1,9
BRDA:32,5,0,4
BRDA:32,5,1,4
BRDA:45,6,0,2
BRDA:45,6,1,1
BRDA:55,7,0,0
BRDA:55,7,1,0
BRDA:85,8,0,2
BRDA:85,8,1,5
BRDA:86,9,0,1
BRDA:86,9,1,4
BRDA:87,10,0,1
BRDA:87,10,1,3
BRDA:88,11,0,1
BRDA:88,11,1,2
BRDA:98,12,0,2
BRDA:98,12,1,5
BRDA:99,13,0,1
BRDA:99,13,1,4
BRDA:100,14,0,1
BRDA:100,14,1,3
BRDA:101,15,0,1
BRDA:101,15,1,2
BRDA:111,16,0,2
BRDA:111,16,1,6
BRDA:111,17,0,8
BRDA:111,17,1,7
BRDA:118,18,0,2
BRDA:118,18,1,4
BRDA:120,19,0,1
BRDA:120,19,1,3
BRDA:122,20,0,2
BRDA:122,20,1,1
BRDA:142,21,0,0
BRDA:142,21,1,0
BRF:44
BRH:40
end_of_record
TN:
SF:components/SafetyMap.js
FN:12,SafetyMap
FN:23,(anonymous_1)
FN:24,(anonymous_2)
FN:63,(anonymous_3)
FN:67,(anonymous_4)
FN:74,(anonymous_5)
FN:98,(anonymous_6)
FN:106,(anonymous_7)
FN:107,(anonymous_8)
FN:124,(anonymous_9)
FN:148,(anonymous_10)
FN:165,(anonymous_11)
FNF:12
FNH:0
FNDA:0,SafetyMap
FNDA:0,(anonymous_1)
FNDA:0,(anonymous_2)
FNDA:0,(anonymous_3)
FNDA:0,(anonymous_4)
FNDA:0,(anonymous_5)
FNDA:0,(anonymous_6)
FNDA:0,(anonymous_7)
FNDA:0,(anonymous_8)
FNDA:0,(anonymous_9)
FNDA:0,(anonymous_10)
FNDA:0,(anonymous_11)
DA:7,0
DA:8,0
DA:9,0
DA:10,0
DA:13,0
DA:14,0
DA:15,0
DA:16,0
DA:17,0
DA:18,0
DA:20,0
DA:23,0
DA:24,0
DA:25,0
DA:26,0
DA:28,0
DA:29,0
DA:30,0
DA:31,0
DA:34,0
DA:38,0
DA:40,0
DA:45,0
DA:52,0
DA:54,0
DA:55,0
DA:59,0
DA:63,0
DA:66,0
DA:67,0
DA:68,0
DA:75,0
DA:77,0
DA:83,0
DA:84,0
DA:95,0
DA:98,0
DA:99,0
DA:100,0
DA:106,0
DA:107,0
DA:108,0
DA:110,0
DA:111,0
DA:113,0
DA:115,0
DA:116,0
DA:118,0
DA:121,0
DA:122,0
DA:124,0
DA:129,0
DA:132,0
DA:133,0
DA:140,0
DA:144,0
DA:148,0
DA:149,0
DA:151,0
DA:165,0
DA:166,0
DA:168,0
DA:181,0
DA:182,0
DA:189,0
DA:227,0
LF:66
LH:0
BRDA:12,0,0,0
BRDA:12,1,0,0
BRDA:28,2,0,0
BRDA:28,2,1,0
BRDA:66,3,0,0
BRDA:66,3,1,0
BRDA:66,4,0,0
BRDA:66,4,1,0
BRDA:83,5,0,0
BRDA:83,5,1,0
BRDA:99,6,0,0
BRDA:99,6,1,0
BRDA:108,7,0,0
BRDA:108,7,1,0
BRDA:113,8,0,0
BRDA:113,8,1,0
BRDA:116,9,0,0
BRDA:116,9,1,0
BRDA:121,10,0,0
BRDA:121,10,1,0
BRDA:121,11,0,0
BRDA:121,11,1,0
BRDA:132,12,0,0
BRDA:132,12,1,0
BRDA:132,13,0,0
BRDA:132,13,1,0
BRDA:149,14,0,0
BRDA:149,14,1,0
BRDA:166,15,0,0
BRDA:166,15,1,0
BRDA:181,16,0,0
BRDA:181,16,1,0
BRDA:191,17,0,0
BRDA:191,17,1,0
BRDA:202,18,0,0
BRDA:202,18,1,0
BRDA:211,19,0,0
BRDA:211,19,1,0
BRDA:211,19,2,0
BRF:39
BRH:0
end_of_record
TN:
SF:components/SafetyStatus.js
FN:6,SafetyStatus
FN:18,(anonymous_1)
FN:33,(anonymous_2)
FNF:3
FNH:2
FNDA:2,SafetyStatus
FNDA:0,(anonymous_1)
FNDA:1,(anonymous_2)
DA:15,2
DA:18,2
DA:19,0
DA:21,0
DA:22,0
DA:23,0
DA:25,0
DA:26,0
DA:28,0
DA:33,2
DA:34,1
DA:35,0
DA:37,1
DA:41,2
DA:119,1
LF:15
LH:7
BRDA:19,0,0,0
BRDA:19,0,1,0
BRDA:25,1,0,0
BRDA:25,1,1,0
BRDA:34,2,0,0
BRDA:34,2,1,1
BRDA:48,3,0,0
BRDA:48,3,1,2
BRDA:49,4,0,0
BRDA:49,4,1,0
BRDA:55,5,0,0
BRDA:55,5,1,2
BRDA:56,6,0,0
BRDA:56,6,1,0
BRDA:64,7,0,2
BRDA:64,7,1,0
BRDA:64,7,2,0
BRDA:74,8,0,2
BRDA:74,8,1,0
BRDA:84,9,0,2
BRDA:84,9,1,0
BRDA:95,10,0,0
BRDA:95,10,1,2
BRDA:100,11,0,0
BRDA:100,11,1,2
BRDA:105,12,0,0
BRDA:105,12,1,2
BRDA:110,13,0,0
BRDA:110,13,1,2
BRF:29
BRH:10
end_of_record
TN:
SF:scripts/reset-project.js
FN:48,(anonymous_0)
FN:103,(anonymous_1)
FN:106,(anonymous_2)
FNF:3
FNH:0
FNDA:0,(anonymous_0)
FNDA:0,(anonymous_1)
FNDA:0,(anonymous_2)
DA:9,0
DA:10,0
DA:11,0
DA:13,0
DA:14,0
DA:15,0
DA:16,0
DA:17,0
DA:19,0
DA:36,0
DA:43,0
DA:48,0
DA:49,0
DA:50,0
DA:52,0
DA:53,0
DA:57,0
DA:58,0
DA:59,0
DA:60,0
DA:61,0
DA:62,0
DA:63,0
DA:65,0
DA:66,0
DA:69,0
DA:74,0
DA:75,0
DA:76,0
DA:79,0
DA:80,0
DA:81,0
DA:84,0
DA:85,0
DA:86,0
DA:88,0
DA:89,0
DA:97,0
DA:101,0
DA:104,0
DA:105,0
DA:106,0
DA:108,0
DA:109,0
LF:44
LH:0
BRDA:50,0,0,0
BRDA:50,0,1,0
BRDA:59,1,0,0
BRDA:59,1,1,0
BRDA:60,2,0,0
BRDA:60,2,1,0
BRDA:91,3,0,0
BRDA:91,3,1,0
BRDA:104,4,0,0
BRDA:104,4,1,0
BRDA:105,5,0,0
BRDA:105,5,1,0
BRDA:105,6,0,0
BRDA:105,6,1,0
BRF:14
BRH:0
end_of_record
